E
%0B
IN;
SP1;
PW0;
PU;
PA 467 , 254 ;
PD;
PA 594 , 254 ;
PU;
PU;
PA 467 , 281.778 ;
PD;
PA 594 , 281.778 ;
PU;
PU;
PA 467 , 309.556 ;
PD;
PA 594 , 309.556 ;
PU;
PU;
PA 467 , 337.333 ;
PD;
PA 594 , 337.333 ;
PU;
PU;
PA 467 , 365.111 ;
PD;
PA 594 , 365.111 ;
PU;
PU;
PA 340 , 365.111 ;
PD;
PA 594 , 365.111 ;
PU;
PU;
PA 467 , 392.889 ;
PD;
PA 594 , 392.889 ;
PU;
PU;
PA 467 , 420.667 ;
PD;
PA 594 , 420.667 ;
PU;
PU;
PA 467 , 448.444 ;
PD;
PA 594 , 448.444 ;
PU;
PU;
PA 467 , 476.222 ;
PD;
PA 594 , 476.222 ;
PU;
PU;
PA 467 , 504 ;
PD;
PA 594 , 504 ;
PU;
PU;
PA 340 , 504 ;
PD;
PA 594 , 504 ;
PU;
SD1,21,2,1,4,10,7,4148;
LO18;
DT*,1;
PU;
PA 340 , 504 ;
PD;
LB 10 *;
PU;
PU;
PA 467 , 531.778 ;
PD;
PA 594 , 531.778 ;
PU;
PU;
PA 467 , 559.556 ;
PD;
PA 594 , 559.556 ;
PU;
PU;
PA 467 , 587.333 ;
PD;
PA 594 , 587.333 ;
PU;
PU;
PA 467 , 615.111 ;
PD;
PA 594 , 615.111 ;
PU;
PU;
PA 467 , 642.889 ;
PD;
PA 594 , 642.889 ;
PU;
PU;
PA 340 , 642.889 ;
PD;
PA 594 , 642.889 ;
PU;
PU;
PA 467 , 670.667 ;
PD;
PA 594 , 670.667 ;
PU;
PU;
PA 467 , 698.444 ;
PD;
PA 594 , 698.444 ;
PU;
PU;
PA 467 , 726.222 ;
PD;
PA 594 , 726.222 ;
PU;
PU;
PA 467 , 754 ;
PD;
PA 594 , 754 ;
PU;
PU;
PA 467 , 781.778 ;
PD;
PA 594 , 781.778 ;
PU;
PU;
PA 340 , 781.778 ;
PD;
PA 594 , 781.778 ;
PU;
SD1,21,2,1,4,10,7,4148;
LO18;
DT*,1;
PU;
PA 340 , 781.778 ;
PD;
LB 20 *;
PU;
PU;
PA 467 , 809.556 ;
PD;
PA 594 , 809.556 ;
PU;
PU;
PA 467 , 837.333 ;
PD;
PA 594 , 837.333 ;
PU;
PU;
PA 467 , 865.111 ;
PD;
PA 594 , 865.111 ;
PU;
PU;
PA 467 , 892.889 ;
PD;
PA 594 , 892.889 ;
PU;
PU;
PA 467 , 920.667 ;
PD;
PA 594 , 920.667 ;
PU;
PU;
PA 340 , 920.667 ;
PD;
PA 594 , 920.667 ;
PU;
PU;
PA 467 , 948.444 ;
PD;
PA 594 , 948.444 ;
PU;
PU;
PA 467 , 976.222 ;
PD;
PA 594 , 976.222 ;
PU;
PU;
PA 467 , 1004. ;
PD;
PA 594 , 1004. ;
PU;
PU;
PA 467 , 1031.78 ;
PD;
PA 594 , 1031.78 ;
PU;
PU;
PA 467 , 1059.56 ;
PD;
PA 594 , 1059.56 ;
PU;
PU;
PA 340 , 1059.56 ;
PD;
PA 594 , 1059.56 ;
PU;
SD1,21,2,1,4,10,7,4148;
LO18;
DT*,1;
PU;
PA 340 , 1059.56 ;
PD;
LB 30 *;
PU;
PU;
PA 467 , 1087.33 ;
PD;
PA 594 , 1087.33 ;
PU;
PU;
PA 467 , 1115.11 ;
PD;
PA 594 , 1115.11 ;
PU;
PU;
PA 467 , 1142.89 ;
PD;
PA 594 , 1142.89 ;
PU;
PU;
PA 467 , 1170.67 ;
PD;
PA 594 , 1170.67 ;
PU;
PU;
PA 467 , 1198.44 ;
PD;
PA 594 , 1198.44 ;
PU;
PU;
PA 340 , 1198.44 ;
PD;
PA 594 , 1198.44 ;
PU;
PU;
PA 467 , 1226.22 ;
PD;
PA 594 , 1226.22 ;
PU;
PU;
PA 467 , 1254. ;
PD;
PA 594 , 1254. ;
PU;
PU;
PA 467 , 1281.78 ;
PD;
PA 594 , 1281.78 ;
PU;
PU;
PA 467 , 1309.56 ;
PD;
PA 594 , 1309.56 ;
PU;
PU;
PA 467 , 1337.33 ;
PD;
PA 594 , 1337.33 ;
PU;
PU;
PA 340 , 1337.33 ;
PD;
PA 594 , 1337.33 ;
PU;
SD1,21,2,1,4,10,7,4148;
LO18;
DT*,1;
PU;
PA 340 , 1337.33 ;
PD;
LB 40 *;
PU;
PU;
PA 467 , 1365.11 ;
PD;
PA 594 , 1365.11 ;
PU;
PU;
PA 467 , 1392.89 ;
PD;
PA 594 , 1392.89 ;
PU;
PU;
PA 467 , 1420.67 ;
PD;
PA 594 , 1420.67 ;
PU;
PU;
PA 467 , 1448.44 ;
PD;
PA 594 , 1448.44 ;
PU;
PU;
PA 467 , 1476.22 ;
PD;
PA 594 , 1476.22 ;
PU;
PU;
PA 340 , 1476.22 ;
PD;
PA 594 , 1476.22 ;
PU;
PU;
PA 467 , 1504. ;
PD;
PA 594 , 1504. ;
PU;
PU;
PA 467 , 1531.78 ;
PD;
PA 594 , 1531.78 ;
PU;
PU;
PA 467 , 1559.56 ;
PD;
PA 594 , 1559.56 ;
PU;
PU;
PA 467 , 1587.33 ;
PD;
PA 594 , 1587.33 ;
PU;
PU;
PA 467 , 1615.11 ;
PD;
PA 594 , 1615.11 ;
PU;
PU;
PA 340 , 1615.11 ;
PD;
PA 594 , 1615.11 ;
PU;
SD1,21,2,1,4,10,7,4148;
LO18;
DT*,1;
PU;
PA 340 , 1615.11 ;
PD;
LB 50 *;
PU;
PU;
PA 467 , 1642.89 ;
PD;
PA 594 , 1642.89 ;
PU;
PU;
PA 467 , 1670.67 ;
PD;
PA 594 , 1670.67 ;
PU;
PU;
PA 467 , 1698.44 ;
PD;
PA 594 , 1698.44 ;
PU;
PU;
PA 467 , 1726.22 ;
PD;
PA 594 , 1726.22 ;
PU;
PU;
PA 467 , 1754. ;
PD;
PA 594 , 1754. ;
PU;
PU;
PA 340 , 1754. ;
PD;
PA 594 , 1754. ;
PU;
PU;
PA 467 , 1781.78 ;
PD;
PA 594 , 1781.78 ;
PU;
PU;
PA 467 , 1809.56 ;
PD;
PA 594 , 1809.56 ;
PU;
PU;
PA 467 , 1837.33 ;
PD;
PA 594 , 1837.33 ;
PU;
PU;
PA 467 , 1865.11 ;
PD;
PA 594 , 1865.11 ;
PU;
PU;
PA 467 , 1892.89 ;
PD;
PA 594 , 1892.89 ;
PU;
PU;
PA 340 , 1892.89 ;
PD;
PA 594 , 1892.89 ;
PU;
SD1,21,2,1,4,10,7,4148;
LO18;
DT*,1;
PU;
PA 340 , 1892.89 ;
PD;
LB 60 *;
PU;
PU;
PA 467 , 1920.67 ;
PD;
PA 594 , 1920.67 ;
PU;
PU;
PA 467 , 1948.44 ;
PD;
PA 594 , 1948.44 ;
PU;
PU;
PA 467 , 1976.22 ;
PD;
PA 594 , 1976.22 ;
PU;
PU;
PA 467 , 2004. ;
PD;
PA 594 , 2004. ;
PU;
PU;
PA 467 , 2031.78 ;
PD;
PA 594 , 2031.78 ;
PU;
PU;
PA 340 , 2031.78 ;
PD;
PA 594 , 2031.78 ;
PU;
PU;
PA 467 , 2059.56 ;
PD;
PA 594 , 2059.56 ;
PU;
PU;
PA 467 , 2087.33 ;
PD;
PA 594 , 2087.33 ;
PU;
PU;
PA 467 , 2115.11 ;
PD;
PA 594 , 2115.11 ;
PU;
PU;
PA 467 , 2142.89 ;
PD;
PA 594 , 2142.89 ;
PU;
PU;
PA 467 , 2170.67 ;
PD;
PA 594 , 2170.67 ;
PU;
PU;
PA 340 , 2170.67 ;
PD;
PA 594 , 2170.67 ;
PU;
SD1,21,2,1,4,10,7,4148;
LO18;
DT*,1;
PU;
PA 340 , 2170.67 ;
PD;
LB 70 *;
PU;
PU;
PA 467 , 2198.44 ;
PD;
PA 594 , 2198.44 ;
PU;
PU;
PA 467 , 2226.22 ;
PD;
PA 594 , 2226.22 ;
PU;
PU;
PA 467 , 2254. ;
PD;
PA 594 , 2254. ;
PU;
PU;
PA 467 , 2281.78 ;
PD;
PA 594 , 2281.78 ;
PU;
PU;
PA 467 , 2309.56 ;
PD;
PA 594 , 2309.56 ;
PU;
PU;
PA 340 , 2309.56 ;
PD;
PA 594 , 2309.56 ;
PU;
PU;
PA 467 , 2337.33 ;
PD;
PA 594 , 2337.33 ;
PU;
PU;
PA 467 , 2365.11 ;
PD;
PA 594 , 2365.11 ;
PU;
PU;
PA 467 , 2392.89 ;
PD;
PA 594 , 2392.89 ;
PU;
PU;
PA 467 , 2420.67 ;
PD;
PA 594 , 2420.67 ;
PU;
PU;
PA 467 , 2448.44 ;
PD;
PA 594 , 2448.44 ;
PU;
PU;
PA 340 , 2448.44 ;
PD;
PA 594 , 2448.44 ;
PU;
SD1,21,2,1,4,10,7,4148;
LO18;
DT*,1;
PU;
PA 340 , 2448.44 ;
PD;
LB 80 *;
PU;
PU;
PA 467 , 2476.22 ;
PD;
PA 594 , 2476.22 ;
PU;
PU;
PA 467 , 2504. ;
PD;
PA 594 , 2504. ;
PU;
PU;
PA 467 , 2531.78 ;
PD;
PA 594 , 2531.78 ;
PU;
PU;
PA 467 , 2559.56 ;
PD;
PA 594 , 2559.56 ;
PU;
PU;
PA 467 , 2587.33 ;
PD;
PA 594 , 2587.33 ;
PU;
PU;
PA 340 , 2587.33 ;
PD;
PA 594 , 2587.33 ;
PU;
PU;
PA 467 , 2615.11 ;
PD;
PA 594 , 2615.11 ;
PU;
PU;
PA 467 , 2642.89 ;
PD;
PA 594 , 2642.89 ;
PU;
PU;
PA 467 , 2670.67 ;
PD;
PA 594 , 2670.67 ;
PU;
PU;
PA 467 , 2698.44 ;
PD;
PA 594 , 2698.44 ;
PU;
PU;
PA 467 , 2726.22 ;
PD;
PA 594 , 2726.22 ;
PU;
PU;
PA 340 , 2726.22 ;
PD;
PA 594 , 2726.22 ;
PU;
SD1,21,2,1,4,10,7,4148;
LO18;
DT*,1;
PU;
PA 340 , 2726.22 ;
PD;
LB 90 *;
PU;
PU;
PA 467 , 2754. ;
PD;
PA 594 , 2754. ;
PU;
PU;
PA 467 , 2781.78 ;
PD;
PA 594 , 2781.78 ;
PU;
PU;
PA 467 , 2809.56 ;
PD;
PA 594 , 2809.56 ;
PU;
PU;
PA 467 , 2837.33 ;
PD;
PA 594 , 2837.33 ;
PU;
PU;
PA 467 , 2865.11 ;
PD;
PA 594 , 2865.11 ;
PU;
PU;
PA 340 , 2865.11 ;
PD;
PA 594 , 2865.11 ;
PU;
PU;
PA 467 , 2892.89 ;
PD;
PA 594 , 2892.89 ;
PU;
PU;
PA 467 , 2920.67 ;
PD;
PA 594 , 2920.67 ;
PU;
PU;
PA 467 , 2948.44 ;
PD;
PA 594 , 2948.44 ;
PU;
PU;
PA 467 , 2976.22 ;
PD;
PA 594 , 2976.22 ;
PU;
PU;
PA 467 , 3004. ;
PD;
PA 594 , 3004. ;
PU;
PU;
PA 340 , 3004. ;
PD;
PA 594 , 3004. ;
PU;
SD1,21,2,1,4,10,7,4148;
LO18;
DT*,1;
PU;
PA 340 , 3004. ;
PD;
LB 100 *;
PU;
PU;
PA 467 , 3031.78 ;
PD;
PA 594 , 3031.78 ;
PU;
PU;
PA 467 , 3059.56 ;
PD;
PA 594 , 3059.56 ;
PU;
PU;
PA 467 , 3087.33 ;
PD;
PA 594 , 3087.33 ;
PU;
PU;
PA 467 , 3115.11 ;
PD;
PA 594 , 3115.11 ;
PU;
PU;
PA 467 , 3142.89 ;
PD;
PA 594 , 3142.89 ;
PU;
PU;
PA 340 , 3142.89 ;
PD;
PA 594 , 3142.89 ;
PU;
PU;
PA 467 , 3170.67 ;
PD;
PA 594 , 3170.67 ;
PU;
PU;
PA 467 , 3198.44 ;
PD;
PA 594 , 3198.44 ;
PU;
PU;
PA 467 , 3226.22 ;
PD;
PA 594 , 3226.22 ;
PU;
PU;
PA 467 , 3254. ;
PD;
PA 594 , 3254. ;
PU;
PU;
PA 467 , 3281.78 ;
PD;
PA 594 , 3281.78 ;
PU;
PU;
PA 340 , 3281.78 ;
PD;
PA 594 , 3281.78 ;
PU;
SD1,21,2,1,4,10,7,4148;
LO18;
DT*,1;
PU;
PA 340 , 3281.78 ;
PD;
LB 110 *;
PU;
PU;
PA 467 , 3309.56 ;
PD;
PA 594 , 3309.56 ;
PU;
PU;
PA 467 , 3337.33 ;
PD;
PA 594 , 3337.33 ;
PU;
PU;
PA 467 , 3365.11 ;
PD;
PA 594 , 3365.11 ;
PU;
PU;
PA 467 , 3392.89 ;
PD;
PA 594 , 3392.89 ;
PU;
PU;
PA 467 , 3420.67 ;
PD;
PA 594 , 3420.67 ;
PU;
PU;
PA 340 , 3420.67 ;
PD;
PA 594 , 3420.67 ;
PU;
PU;
PA 467 , 3448.44 ;
PD;
PA 594 , 3448.44 ;
PU;
PU;
PA 467 , 3476.22 ;
PD;
PA 594 , 3476.22 ;
PU;
PU;
PA 467 , 3504. ;
PD;
PA 594 , 3504. ;
PU;
PU;
PA 467 , 3531.78 ;
PD;
PA 594 , 3531.78 ;
PU;
PU;
PA 467 , 3559.56 ;
PD;
PA 594 , 3559.56 ;
PU;
PU;
PA 340 , 3559.56 ;
PD;
PA 594 , 3559.56 ;
PU;
SD1,21,2,1,4,10,7,4148;
LO18;
DT*,1;
PU;
PA 340 , 3559.56 ;
PD;
LB 120 *;
PU;
PU;
PA 467 , 3587.33 ;
PD;
PA 594 , 3587.33 ;
PU;
PU;
PA 467 , 3615.11 ;
PD;
PA 594 , 3615.11 ;
PU;
PU;
PA 467 , 3642.89 ;
PD;
PA 594 , 3642.89 ;
PU;
PU;
PA 467 , 3670.67 ;
PD;
PA 594 , 3670.67 ;
PU;
PU;
PA 467 , 3698.44 ;
PD;
PA 594 , 3698.44 ;
PU;
PU;
PA 340 , 3698.44 ;
PD;
PA 594 , 3698.44 ;
PU;
PU;
PA 467 , 3726.22 ;
PD;
PA 594 , 3726.22 ;
PU;
PU;
PA 467 , 3754. ;
PD;
PA 594 , 3754. ;
PU;
PU;
PA 467 , 3781.78 ;
PD;
PA 594 , 3781.78 ;
PU;
PU;
PA 467 , 3809.56 ;
PD;
PA 594 , 3809.56 ;
PU;
PU;
PA 467 , 3837.33 ;
PD;
PA 594 , 3837.33 ;
PU;
PU;
PA 340 , 3837.33 ;
PD;
PA 594 , 3837.33 ;
PU;
SD1,21,2,1,4,10,7,4148;
LO18;
DT*,1;
PU;
PA 340 , 3837.33 ;
PD;
LB 130 *;
PU;
PU;
PA 467 , 3865.11 ;
PD;
PA 594 , 3865.11 ;
PU;
PU;
PA 467 , 3892.89 ;
PD;
PA 594 , 3892.89 ;
PU;
PU;
PA 467 , 3920.67 ;
PD;
PA 594 , 3920.67 ;
PU;
PU;
PA 467 , 3948.44 ;
PD;
PA 594 , 3948.44 ;
PU;
PU;
PA 467 , 3976.22 ;
PD;
PA 594 , 3976.22 ;
PU;
PU;
PA 340 , 3976.22 ;
PD;
PA 594 , 3976.22 ;
PU;
PU;
PA 467 , 4004. ;
PD;
PA 594 , 4004. ;
PU;
PU;
PA 467 , 4031.78 ;
PD;
PA 594 , 4031.78 ;
PU;
PU;
PA 467 , 4059.56 ;
PD;
PA 594 , 4059.56 ;
PU;
PU;
PA 467 , 4087.33 ;
PD;
PA 594 , 4087.33 ;
PU;
PU;
PA 467 , 4115.11 ;
PD;
PA 594 , 4115.11 ;
PU;
PU;
PA 340 , 4115.11 ;
PD;
PA 594 , 4115.11 ;
PU;
SD1,21,2,1,4,10,7,4148;
LO18;
DT*,1;
PU;
PA 340 , 4115.11 ;
PD;
LB 140 *;
PU;
PU;
PA 467 , 4142.89 ;
PD;
PA 594 , 4142.89 ;
PU;
PU;
PA 467 , 4170.67 ;
PD;
PA 594 , 4170.67 ;
PU;
PU;
PA 467 , 4198.44 ;
PD;
PA 594 , 4198.44 ;
PU;
PU;
PA 467 , 4226.22 ;
PD;
PA 594 , 4226.22 ;
PU;
PU;
PA 467 , 4254. ;
PD;
PA 594 , 4254. ;
PU;
PU;
PA 340 , 4254. ;
PD;
PA 594 , 4254. ;
PU;
PU;
PA 467 , 4281.78 ;
PD;
PA 594 , 4281.78 ;
PU;
PU;
PA 467 , 4309.56 ;
PD;
PA 594 , 4309.56 ;
PU;
PU;
PA 467 , 4337.33 ;
PD;
PA 594 , 4337.33 ;
PU;
PU;
PA 467 , 4365.11 ;
PD;
PA 594 , 4365.11 ;
PU;
PU;
PA 467 , 4392.89 ;
PD;
PA 594 , 4392.89 ;
PU;
PU;
PA 340 , 4392.89 ;
PD;
PA 594 , 4392.89 ;
PU;
SD1,21,2,1,4,10,7,4148;
LO18;
DT*,1;
PU;
PA 340 , 4392.89 ;
PD;
LB 150 *;
PU;
PU;
PA 467 , 4420.67 ;
PD;
PA 594 , 4420.67 ;
PU;
PU;
PA 467 , 4448.44 ;
PD;
PA 594 , 4448.44 ;
PU;
PU;
PA 467 , 4476.22 ;
PD;
PA 594 , 4476.22 ;
PU;
PU;
PA 467 , 4504. ;
PD;
PA 594 , 4504. ;
PU;
PU;
PA 467 , 4531.78 ;
PD;
PA 594 , 4531.78 ;
PU;
PU;
PA 340 , 4531.78 ;
PD;
PA 594 , 4531.78 ;
PU;
PU;
PA 467 , 4559.56 ;
PD;
PA 594 , 4559.56 ;
PU;
PU;
PA 467 , 4587.33 ;
PD;
PA 594 , 4587.33 ;
PU;
PU;
PA 467 , 4615.11 ;
PD;
PA 594 , 4615.11 ;
PU;
PU;
PA 467 , 4642.89 ;
PD;
PA 594 , 4642.89 ;
PU;
PU;
PA 467 , 4670.67 ;
PD;
PA 594 , 4670.67 ;
PU;
PU;
PA 340 , 4670.67 ;
PD;
PA 594 , 4670.67 ;
PU;
SD1,21,2,1,4,10,7,4148;
LO18;
DT*,1;
PU;
PA 340 , 4670.67 ;
PD;
LB 160 *;
PU;
PU;
PA 467 , 4698.44 ;
PD;
PA 594 , 4698.44 ;
PU;
PU;
PA 467 , 4726.22 ;
PD;
PA 594 , 4726.22 ;
PU;
PU;
PA 467 , 4754 ;
PD;
PA 594 , 4754 ;
PU;
PU;
PA 467 , 4781.78 ;
PD;
PA 594 , 4781.78 ;
PU;
PU;
PA 467 , 4809.56 ;
PD;
PA 594 , 4809.56 ;
PU;
PU;
PA 340 , 4809.56 ;
PD;
PA 594 , 4809.56 ;
PU;
PU;
PA 467 , 4837.33 ;
PD;
PA 594 , 4837.33 ;
PU;
PU;
PA 467 , 4865.11 ;
PD;
PA 594 , 4865.11 ;
PU;
PU;
PA 467 , 4892.89 ;
PD;
PA 594 , 4892.89 ;
PU;
PU;
PA 467 , 4920.67 ;
PD;
PA 594 , 4920.67 ;
PU;
PU;
PA 467 , 4948.44 ;
PD;
PA 594 , 4948.44 ;
PU;
PU;
PA 340 , 4948.44 ;
PD;
PA 594 , 4948.44 ;
PU;
SD1,21,2,1,4,10,7,4148;
LO18;
DT*,1;
PU;
PA 340 , 4948.44 ;
PD;
LB 170 *;
PU;
PU;
PA 467 , 4976.22 ;
PD;
PA 594 , 4976.22 ;
PU;
PU;
PA 467 , 5004. ;
PD;
PA 594 , 5004. ;
PU;
PU;
PA 467 , 5031.78 ;
PD;
PA 594 , 5031.78 ;
PU;
PU;
PA 467 , 5059.56 ;
PD;
PA 594 , 5059.56 ;
PU;
PU;
PA 467 , 5087.33 ;
PD;
PA 594 , 5087.33 ;
PU;
PU;
PA 340 , 5087.33 ;
PD;
PA 594 , 5087.33 ;
PU;
PU;
PA 467 , 5115.11 ;
PD;
PA 594 , 5115.11 ;
PU;
PU;
PA 467 , 5142.89 ;
PD;
PA 594 , 5142.89 ;
PU;
PU;
PA 467 , 5170.67 ;
PD;
PA 594 , 5170.67 ;
PU;
PU;
PA 467 , 5198.44 ;
PD;
PA 594 , 5198.44 ;
PU;
PU;
PA 467 , 5226.22 ;
PD;
PA 594 , 5226.22 ;
PU;
PU;
PA 340 , 5226.22 ;
PD;
PA 594 , 5226.22 ;
PU;
SD1,21,2,1,4,10,7,4148;
LO18;
DT*,1;
PU;
PA 340 , 5226.22 ;
PD;
LB 180 *;
PU;
PU;
PA 467 , 5254. ;
PD;
PA 594 , 5254. ;
PU;
PU;
PA 467 , 5281.78 ;
PD;
PA 594 , 5281.78 ;
PU;
PU;
PA 467 , 5309.56 ;
PD;
PA 594 , 5309.56 ;
PU;
PU;
PA 467 , 5337.33 ;
PD;
PA 594 , 5337.33 ;
PU;
PU;
PA 467 , 5365.11 ;
PD;
PA 594 , 5365.11 ;
PU;
PU;
PA 340 , 5365.11 ;
PD;
PA 594 , 5365.11 ;
PU;
PU;
PA 467 , 5392.89 ;
PD;
PA 594 , 5392.89 ;
PU;
PU;
PA 467 , 5420.67 ;
PD;
PA 594 , 5420.67 ;
PU;
PU;
PA 467 , 5448.44 ;
PD;
PA 594 , 5448.44 ;
PU;
PU;
PA 467 , 5476.22 ;
PD;
PA 594 , 5476.22 ;
PU;
PU;
PA 467 , 5504. ;
PD;
PA 594 , 5504. ;
PU;
PU;
PA 340 , 5504. ;
PD;
PA 594 , 5504. ;
PU;
SD1,21,2,1,4,10,7,4148;
LO18;
DT*,1;
PU;
PA 340 , 5504. ;
PD;
LB 190 *;
PU;
PU;
PA 467 , 5531.78 ;
PD;
PA 594 , 5531.78 ;
PU;
PU;
PA 467 , 5559.56 ;
PD;
PA 594 , 5559.56 ;
PU;
PU;
PA 467 , 5587.33 ;
PD;
PA 594 , 5587.33 ;
PU;
PU;
PA 467 , 5615.11 ;
PD;
PA 594 , 5615.11 ;
PU;
PU;
PA 467 , 5642.89 ;
PD;
PA 594 , 5642.89 ;
PU;
PU;
PA 340 , 5642.89 ;
PD;
PA 594 , 5642.89 ;
PU;
PU;
PA 467 , 5670.67 ;
PD;
PA 594 , 5670.67 ;
PU;
PU;
PA 467 , 5698.44 ;
PD;
PA 594 , 5698.44 ;
PU;
PU;
PA 467 , 5726.22 ;
PD;
PA 594 , 5726.22 ;
PU;
PU;
PA 467 , 5754. ;
PD;
PA 594 , 5754. ;
PU;
PU;
PA 467 , 5781.78 ;
PD;
PA 594 , 5781.78 ;
PU;
PU;
PA 340 , 5781.78 ;
PD;
PA 594 , 5781.78 ;
PU;
SD1,21,2,1,4,10,7,4148;
LO18;
DT*,1;
PU;
PA 340 , 5781.78 ;
PD;
LB 200 *;
PU;
PU;
PA 467 , 5809.56 ;
PD;
PA 594 , 5809.56 ;
PU;
PU;
PA 467 , 5837.33 ;
PD;
PA 594 , 5837.33 ;
PU;
PU;
PA 467 , 5865.11 ;
PD;
PA 594 , 5865.11 ;
PU;
PU;
PA 467 , 5892.89 ;
PD;
PA 594 , 5892.89 ;
PU;
PU;
PA 467 , 5920.67 ;
PD;
PA 594 , 5920.67 ;
PU;
PU;
PA 340 , 5920.67 ;
PD;
PA 594 , 5920.67 ;
PU;
PU;
PA 467 , 5948.44 ;
PD;
PA 594 , 5948.44 ;
PU;
PU;
PA 467 , 5976.22 ;
PD;
PA 594 , 5976.22 ;
PU;
PU;
PA 467 , 6004. ;
PD;
PA 594 , 6004. ;
PU;
PU;
PA 467 , 6031.78 ;
PD;
PA 594 , 6031.78 ;
PU;
PU;
PA 467 , 6059.56 ;
PD;
PA 594 , 6059.56 ;
PU;
PU;
PA 340 , 6059.56 ;
PD;
PA 594 , 6059.56 ;
PU;
SD1,21,2,1,4,10,7,4148;
LO18;
DT*,1;
PU;
PA 340 , 6059.56 ;
PD;
LB 210 *;
PU;
PU;
PA 467 , 6087.33 ;
PD;
PA 594 , 6087.33 ;
PU;
PU;
PA 467 , 6115.11 ;
PD;
PA 594 , 6115.11 ;
PU;
PU;
PA 467 , 6142.89 ;
PD;
PA 594 , 6142.89 ;
PU;
PU;
PA 467 , 6170.67 ;
PD;
PA 594 , 6170.67 ;
PU;
PU;
PA 467 , 6198.44 ;
PD;
PA 594 , 6198.44 ;
PU;
PU;
PA 340 , 6198.44 ;
PD;
PA 594 , 6198.44 ;
PU;
PU;
PA 467 , 6226.22 ;
PD;
PA 594 , 6226.22 ;
PU;
PU;
PA 467 , 6254. ;
PD;
PA 594 , 6254. ;
PU;
PU;
PA 467 , 6281.78 ;
PD;
PA 594 , 6281.78 ;
PU;
PU;
PA 467 , 6309.56 ;
PD;
PA 594 , 6309.56 ;
PU;
PU;
PA 467 , 6337.33 ;
PD;
PA 594 , 6337.33 ;
PU;
PU;
PA 340 , 6337.33 ;
PD;
PA 594 , 6337.33 ;
PU;
SD1,21,2,1,4,10,7,4148;
LO18;
DT*,1;
PU;
PA 340 , 6337.33 ;
PD;
LB 220 *;
PU;
PU;
PA 467 , 6365.11 ;
PD;
PA 594 , 6365.11 ;
PU;
PU;
PA 467 , 6392.89 ;
PD;
PA 594 , 6392.89 ;
PU;
PU;
PA 467 , 6420.67 ;
PD;
PA 594 , 6420.67 ;
PU;
PU;
PA 467 , 6448.44 ;
PD;
PA 594 , 6448.44 ;
PU;
PU;
PA 467 , 6476.22 ;
PD;
PA 594 , 6476.22 ;
PU;
PU;
PA 340 , 6476.22 ;
PD;
PA 594 , 6476.22 ;
PU;
PU;
PA 467 , 6504. ;
PD;
PA 594 , 6504. ;
PU;
PU;
PA 467 , 6531.78 ;
PD;
PA 594 , 6531.78 ;
PU;
PU;
PA 467 , 6559.56 ;
PD;
PA 594 , 6559.56 ;
PU;
PU;
PA 467 , 6587.33 ;
PD;
PA 594 , 6587.33 ;
PU;
PU;
PA 467 , 6615.11 ;
PD;
PA 594 , 6615.11 ;
PU;
PU;
PA 340 , 6615.11 ;
PD;
PA 594 , 6615.11 ;
PU;
SD1,21,2,1,4,10,7,4148;
LO18;
DT*,1;
PU;
PA 340 , 6615.11 ;
PD;
LB 230 *;
PU;
PU;
PA 467 , 6642.89 ;
PD;
PA 594 , 6642.89 ;
PU;
PU;
PA 467 , 6670.67 ;
PD;
PA 594 , 6670.67 ;
PU;
PU;
PA 467 , 6698.44 ;
PD;
PA 594 , 6698.44 ;
PU;
PU;
PA 467 , 6726.22 ;
PD;
PA 594 , 6726.22 ;
PU;
PU;
PA 467 , 6754. ;
PD;
PA 594 , 6754. ;
PU;
PU;
PA 340 , 6754. ;
PD;
PA 594 , 6754. ;
PU;
PU;
PA 467 , 6781.78 ;
PD;
PA 594 , 6781.78 ;
PU;
PU;
PA 467 , 6809.56 ;
PD;
PA 594 , 6809.56 ;
PU;
PU;
PA 467 , 6837.33 ;
PD;
PA 594 , 6837.33 ;
PU;
PU;
PA 467 , 6865.11 ;
PD;
PA 594 , 6865.11 ;
PU;
PU;
PA 467 , 6892.89 ;
PD;
PA 594 , 6892.89 ;
PU;
PU;
PA 340 , 6892.89 ;
PD;
PA 594 , 6892.89 ;
PU;
SD1,21,2,1,4,10,7,4148;
LO18;
DT*,1;
PU;
PA 340 , 6892.89 ;
PD;
LB 240 *;
PU;
PU;
PA 467 , 6920.67 ;
PD;
PA 594 , 6920.67 ;
PU;
PU;
PA 467 , 6948.44 ;
PD;
PA 594 , 6948.44 ;
PU;
PU;
PA 467 , 6976.22 ;
PD;
PA 594 , 6976.22 ;
PU;
PU;
PA 467 , 7004. ;
PD;
PA 594 , 7004. ;
PU;
PU;
PA 467 , 7031.78 ;
PD;
PA 594 , 7031.78 ;
PU;
PU;
PA 340 , 7031.78 ;
PD;
PA 594 , 7031.78 ;
PU;
PU;
PA 467 , 7059.56 ;
PD;
PA 594 , 7059.56 ;
PU;
PU;
PA 467 , 7087.33 ;
PD;
PA 594 , 7087.33 ;
PU;
PU;
PA 467 , 7115.11 ;
PD;
PA 594 , 7115.11 ;
PU;
PU;
PA 467 , 7142.89 ;
PD;
PA 594 , 7142.89 ;
PU;
PU;
PA 467 , 7170.67 ;
PD;
PA 594 , 7170.67 ;
PU;
PU;
PA 340 , 7170.67 ;
PD;
PA 594 , 7170.67 ;
PU;
SD1,21,2,1,4,10,7,4148;
LO18;
DT*,1;
PU;
PA 340 , 7170.67 ;
PD;
LB 250 *;
PU;
PU;
PA 467 , 7198.44 ;
PD;
PA 594 , 7198.44 ;
PU;
PU;
PA 467 , 7226.22 ;
PD;
PA 594 , 7226.22 ;
PU;
PU;
PA 467 , 7254. ;
PD;
PA 594 , 7254. ;
PU;
PU;
PA 467 , 7281.78 ;
PD;
PA 594 , 7281.78 ;
PU;
PU;
PA 467 , 7309.56 ;
PD;
PA 594 , 7309.56 ;
PU;
PU;
PA 340 , 7309.56 ;
PD;
PA 594 , 7309.56 ;
PU;
PU;
PA 467 , 7337.33 ;
PD;
PA 594 , 7337.33 ;
PU;
PU;
PA 467 , 7365.11 ;
PD;
PA 594 , 7365.11 ;
PU;
PU;
PA 467 , 7392.89 ;
PD;
PA 594 , 7392.89 ;
PU;
PU;
PA 467 , 7420.67 ;
PD;
PA 594 , 7420.67 ;
PU;
PU;
PA 467 , 7448.44 ;
PD;
PA 594 , 7448.44 ;
PU;
PU;
PA 340 , 7448.44 ;
PD;
PA 594 , 7448.44 ;
PU;
SD1,21,2,1,4,10,7,4148;
LO18;
DT*,1;
PU;
PA 340 , 7448.44 ;
PD;
LB 260 *;
PU;
PU;
PA 467 , 7476.22 ;
PD;
PA 594 , 7476.22 ;
PU;
PU;
PA 467 , 7504. ;
PD;
PA 594 , 7504. ;
PU;
PU;
PA 467 , 7531.78 ;
PD;
PA 594 , 7531.78 ;
PU;
PU;
PA 467 , 7559.56 ;
PD;
PA 594 , 7559.56 ;
PU;
PU;
PA 467 , 7587.33 ;
PD;
PA 594 , 7587.33 ;
PU;
PU;
PA 340 , 7587.33 ;
PD;
PA 594 , 7587.33 ;
PU;
PU;
PA 467 , 7615.11 ;
PD;
PA 594 , 7615.11 ;
PU;
PU;
PA 467 , 7642.89 ;
PD;
PA 594 , 7642.89 ;
PU;
PU;
PA 467 , 7670.67 ;
PD;
PA 594 , 7670.67 ;
PU;
PU;
PA 467 , 7698.44 ;
PD;
PA 594 , 7698.44 ;
PU;
PU;
PA 467 , 7726.22 ;
PD;
PA 594 , 7726.22 ;
PU;
PU;
PA 340 , 7726.22 ;
PD;
PA 594 , 7726.22 ;
PU;
SD1,21,2,1,4,10,7,4148;
LO18;
DT*,1;
PU;
PA 340 , 7726.22 ;
PD;
LB 270 *;
PU;
PU;
PA 467 , 7754. ;
PD;
PA 594 , 7754. ;
PU;
PU;
PA 467 , 7781.78 ;
PD;
PA 594 , 7781.78 ;
PU;
PU;
PA 467 , 7809.56 ;
PD;
PA 594 , 7809.56 ;
PU;
PU;
PA 467 , 7837.33 ;
PD;
PA 594 , 7837.33 ;
PU;
PU;
PA 467 , 7865.11 ;
PD;
PA 594 , 7865.11 ;
PU;
PU;
PA 340 , 7865.11 ;
PD;
PA 594 , 7865.11 ;
PU;
PU;
PA 467 , 7892.89 ;
PD;
PA 594 , 7892.89 ;
PU;
PU;
PA 467 , 7920.67 ;
PD;
PA 594 , 7920.67 ;
PU;
PU;
PA 467 , 7948.44 ;
PD;
PA 594 , 7948.44 ;
PU;
PU;
PA 467 , 7976.22 ;
PD;
PA 594 , 7976.22 ;
PU;
PU;
PA 467 , 8004. ;
PD;
PA 594 , 8004. ;
PU;
PU;
PA 340 , 8004. ;
PD;
PA 594 , 8004. ;
PU;
SD1,21,2,1,4,10,7,4148;
LO18;
DT*,1;
PU;
PA 340 , 8004. ;
PD;
LB 280 *;
PU;
PU;
PA 467 , 8031.78 ;
PD;
PA 594 , 8031.78 ;
PU;
PU;
PA 467 , 8059.56 ;
PD;
PA 594 , 8059.56 ;
PU;
PU;
PA 467 , 8087.33 ;
PD;
PA 594 , 8087.33 ;
PU;
PU;
PA 467 , 8115.11 ;
PD;
PA 594 , 8115.11 ;
PU;
PU;
PA 467 , 8142.89 ;
PD;
PA 594 , 8142.89 ;
PU;
PU;
PA 340 , 8142.89 ;
PD;
PA 594 , 8142.89 ;
PU;
PU;
PA 467 , 8170.67 ;
PD;
PA 594 , 8170.67 ;
PU;
PU;
PA 467 , 8198.44 ;
PD;
PA 594 , 8198.44 ;
PU;
PU;
PA 467 , 8226.22 ;
PD;
PA 594 , 8226.22 ;
PU;
PU;
PA 467 , 8254. ;
PD;
PA 594 , 8254. ;
PU;
PU;
PA 467 , 8281.78 ;
PD;
PA 594 , 8281.78 ;
PU;
PU;
PA 340 , 8281.78 ;
PD;
PA 594 , 8281.78 ;
PU;
SD1,21,2,1,4,10,7,4148;
LO18;
DT*,1;
PU;
PA 340 , 8281.78 ;
PD;
LB 290 *;
PU;
PU;
PA 467 , 8309.56 ;
PD;
PA 594 , 8309.56 ;
PU;
PU;
PA 467 , 8337.33 ;
PD;
PA 594 , 8337.33 ;
PU;
PU;
PA 467 , 8365.11 ;
PD;
PA 594 , 8365.11 ;
PU;
PU;
PA 467 , 8392.89 ;
PD;
PA 594 , 8392.89 ;
PU;
PU;
PA 467 , 8420.67 ;
PD;
PA 594 , 8420.67 ;
PU;
PU;
PA 340 , 8420.67 ;
PD;
PA 594 , 8420.67 ;
PU;
PU;
PA 467 , 8448.44 ;
PD;
PA 594 , 8448.44 ;
PU;
PU;
PA 467 , 8476.22 ;
PD;
PA 594 , 8476.22 ;
PU;
PU;
PA 467 , 8504. ;
PD;
PA 594 , 8504. ;
PU;
PU;
PA 467 , 8531.78 ;
PD;
PA 594 , 8531.78 ;
PU;
PU;
PA 467 , 8559.56 ;
PD;
PA 594 , 8559.56 ;
PU;
PU;
PA 340 , 8559.56 ;
PD;
PA 594 , 8559.56 ;
PU;
SD1,21,2,1,4,10,7,4148;
LO18;
DT*,1;
PU;
PA 340 , 8559.56 ;
PD;
LB 300 *;
PU;
PU;
PA 467 , 8587.33 ;
PD;
PA 594 , 8587.33 ;
PU;
PU;
PA 467 , 8615.11 ;
PD;
PA 594 , 8615.11 ;
PU;
PU;
PA 467 , 8642.89 ;
PD;
PA 594 , 8642.89 ;
PU;
PU;
PA 467 , 8670.67 ;
PD;
PA 594 , 8670.67 ;
PU;
PU;
PA 467 , 8698.44 ;
PD;
PA 594 , 8698.44 ;
PU;
PU;
PA 340 , 8698.44 ;
PD;
PA 594 , 8698.44 ;
PU;
PU;
PA 467 , 8726.22 ;
PD;
PA 594 , 8726.22 ;
PU;
PU;
PA 467 , 8754. ;
PD;
PA 594 , 8754. ;
PU;
PU;
PA 467 , 8781.78 ;
PD;
PA 594 , 8781.78 ;
PU;
PU;
PA 467 , 8809.56 ;
PD;
PA 594 , 8809.56 ;
PU;
PU;
PA 467 , 8837.33 ;
PD;
PA 594 , 8837.33 ;
PU;
PU;
PA 340 , 8837.33 ;
PD;
PA 594 , 8837.33 ;
PU;
SD1,21,2,1,4,10,7,4148;
LO18;
DT*,1;
PU;
PA 340 , 8837.33 ;
PD;
LB 310 *;
PU;
PU;
PA 467 , 8865.11 ;
PD;
PA 594 , 8865.11 ;
PU;
PU;
PA 467 , 8892.89 ;
PD;
PA 594 , 8892.89 ;
PU;
PU;
PA 467 , 8920.67 ;
PD;
PA 594 , 8920.67 ;
PU;
PU;
PA 467 , 8948.44 ;
PD;
PA 594 , 8948.44 ;
PU;
PU;
PA 467 , 8976.22 ;
PD;
PA 594 , 8976.22 ;
PU;
PU;
PA 340 , 8976.22 ;
PD;
PA 594 , 8976.22 ;
PU;
PU;
PA 467 , 9004. ;
PD;
PA 594 , 9004. ;
PU;
PU;
PA 467 , 9031.78 ;
PD;
PA 594 , 9031.78 ;
PU;
PU;
PA 467 , 9059.56 ;
PD;
PA 594 , 9059.56 ;
PU;
PU;
PA 467 , 9087.33 ;
PD;
PA 594 , 9087.33 ;
PU;
PU;
PA 467 , 9115.11 ;
PD;
PA 594 , 9115.11 ;
PU;
PU;
PA 340 , 9115.11 ;
PD;
PA 594 , 9115.11 ;
PU;
SD1,21,2,1,4,10,7,4148;
LO18;
DT*,1;
PU;
PA 340 , 9115.11 ;
PD;
LB 320 *;
PU;
PU;
PA 467 , 9142.89 ;
PD;
PA 594 , 9142.89 ;
PU;
PU;
PA 467 , 9170.67 ;
PD;
PA 594 , 9170.67 ;
PU;
PU;
PA 467 , 9198.44 ;
PD;
PA 594 , 9198.44 ;
PU;
PU;
PA 467 , 9226.22 ;
PD;
PA 594 , 9226.22 ;
PU;
PU;
PA 467 , 9254. ;
PD;
PA 594 , 9254. ;
PU;
PU;
PA 340 , 9254. ;
PD;
PA 594 , 9254. ;
PU;
PU;
PA 467 , 9281.78 ;
PD;
PA 594 , 9281.78 ;
PU;
PU;
PA 467 , 9309.56 ;
PD;
PA 594 , 9309.56 ;
PU;
PU;
PA 467 , 9337.33 ;
PD;
PA 594 , 9337.33 ;
PU;
PU;
PA 467 , 9365.11 ;
PD;
PA 594 , 9365.11 ;
PU;
PU;
PA 467 , 9392.89 ;
PD;
PA 594 , 9392.89 ;
PU;
PU;
PA 340 , 9392.89 ;
PD;
PA 594 , 9392.89 ;
PU;
SD1,21,2,1,4,10,7,4148;
LO18;
DT*,1;
PU;
PA 340 , 9392.89 ;
PD;
LB 330 *;
PU;
PU;
PA 467 , 9420.67 ;
PD;
PA 594 , 9420.67 ;
PU;
PU;
PA 467 , 9448.44 ;
PD;
PA 594 , 9448.44 ;
PU;
PU;
PA 467 , 9476.22 ;
PD;
PA 594 , 9476.22 ;
PU;
PU;
PA 467 , 9504. ;
PD;
PA 594 , 9504. ;
PU;
PU;
PA 467 , 9531.78 ;
PD;
PA 594 , 9531.78 ;
PU;
PU;
PA 340 , 9531.78 ;
PD;
PA 594 , 9531.78 ;
PU;
PU;
PA 467 , 9559.56 ;
PD;
PA 594 , 9559.56 ;
PU;
PU;
PA 467 , 9587.33 ;
PD;
PA 594 , 9587.33 ;
PU;
PU;
PA 467 , 9615.11 ;
PD;
PA 594 , 9615.11 ;
PU;
PU;
PA 467 , 9642.89 ;
PD;
PA 594 , 9642.89 ;
PU;
PU;
PA 467 , 9670.67 ;
PD;
PA 594 , 9670.67 ;
PU;
PU;
PA 340 , 9670.67 ;
PD;
PA 594 , 9670.67 ;
PU;
SD1,21,2,1,4,10,7,4148;
LO18;
DT*,1;
PU;
PA 340 , 9670.67 ;
PD;
LB 340 *;
PU;
PU;
PA 467 , 9698.44 ;
PD;
PA 594 , 9698.44 ;
PU;
PU;
PA 467 , 9726.22 ;
PD;
PA 594 , 9726.22 ;
PU;
PU;
PA 467 , 9754. ;
PD;
PA 594 , 9754. ;
PU;
PU;
PA 467 , 9781.78 ;
PD;
PA 594 , 9781.78 ;
PU;
PU;
PA 467 , 9809.56 ;
PD;
PA 594 , 9809.56 ;
PU;
PU;
PA 340 , 9809.56 ;
PD;
PA 594 , 9809.56 ;
PU;
PU;
PA 467 , 9837.33 ;
PD;
PA 594 , 9837.33 ;
PU;
PU;
PA 467 , 9865.11 ;
PD;
PA 594 , 9865.11 ;
PU;
PU;
PA 467 , 9892.89 ;
PD;
PA 594 , 9892.89 ;
PU;
PU;
PA 467 , 9920.67 ;
PD;
PA 594 , 9920.67 ;
PU;
PU;
PA 467 , 9948.44 ;
PD;
PA 594 , 9948.44 ;
PU;
PU;
PA 340 , 9948.44 ;
PD;
PA 594 , 9948.44 ;
PU;
SD1,21,2,1,4,10,7,4148;
LO18;
DT*,1;
PU;
PA 340 , 9948.44 ;
PD;
LB 350 *;
PU;
PU;
PA 467 , 9976.22 ;
PD;
PA 594 , 9976.22 ;
PU;
PU;
PA 467 , 10004. ;
PD;
PA 594 , 10004. ;
PU;
PU;
PA 467 , 10031.8 ;
PD;
PA 594 , 10031.8 ;
PU;
PU;
PA 467 , 10059.6 ;
PD;
PA 594 , 10059.6 ;
PU;
PU;
PA 467 , 10087.3 ;
PD;
PA 594 , 10087.3 ;
PU;
PU;
PA 340 , 10087.3 ;
PD;
PA 594 , 10087.3 ;
PU;
PU;
PA 467 , 10115.1 ;
PD;
PA 594 , 10115.1 ;
PU;
PU;
PA 467 , 10142.9 ;
PD;
PA 594 , 10142.9 ;
PU;
PU;
PA 467 , 10170.7 ;
PD;
PA 594 , 10170.7 ;
PU;
PU;
PA 467 , 10198.4 ;
PD;
PA 594 , 10198.4 ;
PU;
PU;
PA 467 , 10226.2 ;
PD;
PA 594 , 10226.2 ;
PU;
PU;
PA 340 , 10226.2 ;
PD;
PA 594 , 10226.2 ;
PU;
SD1,21,2,1,4,10,7,4148;
LO18;
DT*,1;
PU;
PA 340 , 10226.2 ;
PD;
LB 0 *;
PU;
PU;
PA 467 , 10254. ;
PD;
PA 594 , 10254. ;
PU;
UL8,5,20,5,20,5,20,5,20;
LT8;
PU;
PA 340 , 226.222 ;
PD;
PA 7650 , 226.222 ;
PU;
%0A
E
