YEAR ? 2015

 NEW MOON  2.45701E+6  .566477 
FULL MOON  2.45703E+6  .703339 
 NEW MOON  2.45704E+6  5.11149E-2 
FULL MOON  2.45706E+6  .465169 
 NEW MOON  2.45707E+6  .490342 
FULL MOON  2.45709E+6  .252979 
 NEW MOON  2.4571E+6  .899635 
FULL MOON  2.45712E+6  2.10313E-3 
 NEW MOON  2.45713E+6  .290326 
FULL MOON  2.45715E+6  .654318 
 NEW MOON  2.45716E+6  .67698 
FULL MOON  2.45718E+6  .181986 
 NEW MOON  2.45719E+6  8.68665E-2 
FULL MOON  2.4572E+6  .598315 
 NEW MOON  2.45722E+6  .55781 
FULL MOON  2.45723E+6  .946217 
 NEW MOON  2.45725E+6  .120929 
FULL MOON  2.45726E+6  .274565 
 NEW MOON  2.45728E+6  .779877 
FULL MOON  2.45729E+6  .61981 
 NEW MOON  2.45731E+6  .503566 
FULL MOON  2.45732E+6  4.23133E-3 
 NEW MOON  2.45734E+6  .239214 
FULL MOON  2.45735E+6  .445782 
 NEW MOON  2.45737E+6  .936132 
FULL MOON  2.45738E+6  .96412 
 NEW MOON  2.4574E+6  .563102 
FULL MOON  2.45741E+6  .572861 
 NEW MOON  2.45743E+6  .109838 
