26 numeric
ARGC= 26 
a= 1 
z= 26 
az= 27 
26 mixed
ARGC= 26 
a= 1 
z$=X
az= 26 
32 numeric
ARGC= 32 
a= 1 
a32= 32 
az= 33 
VARIANT
ARGC= 129 
PARAMETER 1 TYPE $ IS A STRING WITH THE VALUE zaa
PARAMETER 2 TYPE # IS A NUMBER WITH THE VALUE  2 
PARAMETER 3 TYPE # IS A NUMBER WITH THE VALUE  3 
PARAMETER 4 TYPE # IS A NUMBER WITH THE VALUE  4 
PARAMETER 5 TYPE # IS A NUMBER WITH THE VALUE  5 
PARAMETER 6 TYPE # IS A NUMBER WITH THE VALUE  6 
PARAMETER 7 TYPE # IS A NUMBER WITH THE VALUE  7 
PARAMETER 8 TYPE # IS A NUMBER WITH THE VALUE  8 
PARAMETER 9 TYPE # IS A NUMBER WITH THE VALUE  9 
PARAMETER 10 TYPE # IS A NUMBER WITH THE VALUE  10 
PARAMETER 11 TYPE # IS A NUMBER WITH THE VALUE  11 
PARAMETER 12 TYPE # IS A NUMBER WITH THE VALUE  12 
PARAMETER 13 TYPE # IS A NUMBER WITH THE VALUE  13 
PARAMETER 14 TYPE # IS A NUMBER WITH THE VALUE  14 
PARAMETER 15 TYPE # IS A NUMBER WITH THE VALUE  15 
PARAMETER 16 TYPE # IS A NUMBER WITH THE VALUE  16 
PARAMETER 17 TYPE # IS A NUMBER WITH THE VALUE  17 
PARAMETER 18 TYPE # IS A NUMBER WITH THE VALUE  18 
PARAMETER 19 TYPE # IS A NUMBER WITH THE VALUE  19 
PARAMETER 20 TYPE # IS A NUMBER WITH THE VALUE  20 
PARAMETER 21 TYPE # IS A NUMBER WITH THE VALUE  21 
PARAMETER 22 TYPE # IS A NUMBER WITH THE VALUE  22 
PARAMETER 23 TYPE # IS A NUMBER WITH THE VALUE  23 
PARAMETER 24 TYPE # IS A NUMBER WITH THE VALUE  24 
PARAMETER 25 TYPE # IS A NUMBER WITH THE VALUE  25 
PARAMETER 26 TYPE # IS A NUMBER WITH THE VALUE  26 
PARAMETER 27 TYPE # IS A NUMBER WITH THE VALUE  27 
PARAMETER 28 TYPE # IS A NUMBER WITH THE VALUE  28 
PARAMETER 29 TYPE # IS A NUMBER WITH THE VALUE  29 
PARAMETER 30 TYPE # IS A NUMBER WITH THE VALUE  30 
PARAMETER 31 TYPE # IS A NUMBER WITH THE VALUE  31 
PARAMETER 32 TYPE # IS A NUMBER WITH THE VALUE  32 
PARAMETER 33 TYPE # IS A NUMBER WITH THE VALUE  1 
PARAMETER 34 TYPE # IS A NUMBER WITH THE VALUE  2 
PARAMETER 35 TYPE # IS A NUMBER WITH THE VALUE  3 
PARAMETER 36 TYPE # IS A NUMBER WITH THE VALUE  4 
PARAMETER 37 TYPE # IS A NUMBER WITH THE VALUE  5 
PARAMETER 38 TYPE # IS A NUMBER WITH THE VALUE  6 
PARAMETER 39 TYPE # IS A NUMBER WITH THE VALUE  7 
PARAMETER 40 TYPE # IS A NUMBER WITH THE VALUE  8 
PARAMETER 41 TYPE # IS A NUMBER WITH THE VALUE  9 
PARAMETER 42 TYPE # IS A NUMBER WITH THE VALUE  10 
PARAMETER 43 TYPE # IS A NUMBER WITH THE VALUE  11 
PARAMETER 44 TYPE # IS A NUMBER WITH THE VALUE  12 
PARAMETER 45 TYPE # IS A NUMBER WITH THE VALUE  13 
PARAMETER 46 TYPE # IS A NUMBER WITH THE VALUE  14 
PARAMETER 47 TYPE # IS A NUMBER WITH THE VALUE  15 
PARAMETER 48 TYPE # IS A NUMBER WITH THE VALUE  16 
PARAMETER 49 TYPE # IS A NUMBER WITH THE VALUE  17 
PARAMETER 50 TYPE # IS A NUMBER WITH THE VALUE  18 
PARAMETER 51 TYPE # IS A NUMBER WITH THE VALUE  19 
PARAMETER 52 TYPE # IS A NUMBER WITH THE VALUE  20 
PARAMETER 53 TYPE $ IS A STRING WITH THE VALUE xyz
PARAMETER 54 TYPE # IS A NUMBER WITH THE VALUE  22 
PARAMETER 55 TYPE # IS A NUMBER WITH THE VALUE  23 
PARAMETER 56 TYPE # IS A NUMBER WITH THE VALUE  24 
PARAMETER 57 TYPE # IS A NUMBER WITH THE VALUE  25 
PARAMETER 58 TYPE # IS A NUMBER WITH THE VALUE  26 
PARAMETER 59 TYPE # IS A NUMBER WITH THE VALUE  27 
PARAMETER 60 TYPE # IS A NUMBER WITH THE VALUE  28 
PARAMETER 61 TYPE # IS A NUMBER WITH THE VALUE  29 
PARAMETER 62 TYPE # IS A NUMBER WITH THE VALUE  30 
PARAMETER 63 TYPE # IS A NUMBER WITH THE VALUE  31 
PARAMETER 64 TYPE # IS A NUMBER WITH THE VALUE  32 
PARAMETER 65 TYPE # IS A NUMBER WITH THE VALUE  1 
PARAMETER 66 TYPE # IS A NUMBER WITH THE VALUE  2 
PARAMETER 67 TYPE # IS A NUMBER WITH THE VALUE  3 
PARAMETER 68 TYPE # IS A NUMBER WITH THE VALUE  4 
PARAMETER 69 TYPE # IS A NUMBER WITH THE VALUE  5 
PARAMETER 70 TYPE # IS A NUMBER WITH THE VALUE  6 
PARAMETER 71 TYPE # IS A NUMBER WITH THE VALUE  7 
PARAMETER 72 TYPE # IS A NUMBER WITH THE VALUE  8 
PARAMETER 73 TYPE # IS A NUMBER WITH THE VALUE  9 
PARAMETER 74 TYPE # IS A NUMBER WITH THE VALUE  10 
PARAMETER 75 TYPE # IS A NUMBER WITH THE VALUE  11 
PARAMETER 76 TYPE # IS A NUMBER WITH THE VALUE  12 
PARAMETER 77 TYPE # IS A NUMBER WITH THE VALUE  13 
PARAMETER 78 TYPE # IS A NUMBER WITH THE VALUE  14 
PARAMETER 79 TYPE # IS A NUMBER WITH THE VALUE  15 
PARAMETER 80 TYPE # IS A NUMBER WITH THE VALUE  16 
PARAMETER 81 TYPE # IS A NUMBER WITH THE VALUE  17 
PARAMETER 82 TYPE # IS A NUMBER WITH THE VALUE  18 
PARAMETER 83 TYPE # IS A NUMBER WITH THE VALUE  19 
PARAMETER 84 TYPE # IS A NUMBER WITH THE VALUE  20 
PARAMETER 85 TYPE # IS A NUMBER WITH THE VALUE  21 
PARAMETER 86 TYPE # IS A NUMBER WITH THE VALUE  22 
PARAMETER 87 TYPE # IS A NUMBER WITH THE VALUE  23 
PARAMETER 88 TYPE # IS A NUMBER WITH THE VALUE  24 
PARAMETER 89 TYPE # IS A NUMBER WITH THE VALUE  25 
PARAMETER 90 TYPE # IS A NUMBER WITH THE VALUE  26 
PARAMETER 91 TYPE $ IS A STRING WITH THE VALUE anything
PARAMETER 92 TYPE # IS A NUMBER WITH THE VALUE  28 
PARAMETER 93 TYPE # IS A NUMBER WITH THE VALUE  29 
PARAMETER 94 TYPE # IS A NUMBER WITH THE VALUE  30 
PARAMETER 95 TYPE # IS A NUMBER WITH THE VALUE  31 
PARAMETER 96 TYPE # IS A NUMBER WITH THE VALUE  32 
PARAMETER 97 TYPE # IS A NUMBER WITH THE VALUE  1 
PARAMETER 98 TYPE # IS A NUMBER WITH THE VALUE  2 
PARAMETER 99 TYPE # IS A NUMBER WITH THE VALUE  3 
PARAMETER 100 TYPE # IS A NUMBER WITH THE VALUE  4 
PARAMETER 101 TYPE # IS A NUMBER WITH THE VALUE  5 
PARAMETER 102 TYPE # IS A NUMBER WITH THE VALUE  6 
PARAMETER 103 TYPE # IS A NUMBER WITH THE VALUE  7 
PARAMETER 104 TYPE # IS A NUMBER WITH THE VALUE  8 
PARAMETER 105 TYPE # IS A NUMBER WITH THE VALUE  9 
PARAMETER 106 TYPE # IS A NUMBER WITH THE VALUE  10 
PARAMETER 107 TYPE # IS A NUMBER WITH THE VALUE  11 
PARAMETER 108 TYPE # IS A NUMBER WITH THE VALUE  12 
PARAMETER 109 TYPE # IS A NUMBER WITH THE VALUE  13 
PARAMETER 110 TYPE # IS A NUMBER WITH THE VALUE  14 
PARAMETER 111 TYPE # IS A NUMBER WITH THE VALUE  15 
PARAMETER 112 TYPE # IS A NUMBER WITH THE VALUE  16 
PARAMETER 113 TYPE # IS A NUMBER WITH THE VALUE  17 
PARAMETER 114 TYPE # IS A NUMBER WITH THE VALUE  18 
PARAMETER 115 TYPE # IS A NUMBER WITH THE VALUE  19 
PARAMETER 116 TYPE # IS A NUMBER WITH THE VALUE  20 
PARAMETER 117 TYPE # IS A NUMBER WITH THE VALUE  21 
PARAMETER 118 TYPE # IS A NUMBER WITH THE VALUE  22 
PARAMETER 119 TYPE # IS A NUMBER WITH THE VALUE  23 
PARAMETER 120 TYPE # IS A NUMBER WITH THE VALUE  24 
PARAMETER 121 TYPE # IS A NUMBER WITH THE VALUE  25 
PARAMETER 122 TYPE # IS A NUMBER WITH THE VALUE  26 
PARAMETER 123 TYPE # IS A NUMBER WITH THE VALUE  27 
PARAMETER 124 TYPE # IS A NUMBER WITH THE VALUE  28 
PARAMETER 125 TYPE # IS A NUMBER WITH THE VALUE  29 
PARAMETER 126 TYPE # IS A NUMBER WITH THE VALUE  30 
PARAMETER 127 TYPE # IS A NUMBER WITH THE VALUE  31 
PARAMETER 128 TYPE # IS A NUMBER WITH THE VALUE  32 
PARAMETER 129 TYPE $ IS A STRING WITH THE VALUE abcdefg
az= 99 
VARIANT
ARGC= 641 
PARAMETER 1 TYPE # IS A NUMBER WITH THE VALUE  1 
PARAMETER 2 TYPE # IS A NUMBER WITH THE VALUE  2 
PARAMETER 3 TYPE # IS A NUMBER WITH THE VALUE  3 
PARAMETER 4 TYPE # IS A NUMBER WITH THE VALUE  4 
PARAMETER 5 TYPE # IS A NUMBER WITH THE VALUE  5 
PARAMETER 6 TYPE $ IS A STRING WITH THE VALUE abc
PARAMETER 7 TYPE # IS A NUMBER WITH THE VALUE  7 
PARAMETER 8 TYPE # IS A NUMBER WITH THE VALUE  8 
PARAMETER 9 TYPE # IS A NUMBER WITH THE VALUE  9 
PARAMETER 10 TYPE # IS A NUMBER WITH THE VALUE  10 
PARAMETER 11 TYPE # IS A NUMBER WITH THE VALUE  11 
PARAMETER 12 TYPE # IS A NUMBER WITH THE VALUE  12 
PARAMETER 13 TYPE # IS A NUMBER WITH THE VALUE  13 
PARAMETER 14 TYPE # IS A NUMBER WITH THE VALUE  14 
PARAMETER 15 TYPE # IS A NUMBER WITH THE VALUE  15 
PARAMETER 16 TYPE # IS A NUMBER WITH THE VALUE  16 
PARAMETER 17 TYPE # IS A NUMBER WITH THE VALUE  17 
PARAMETER 18 TYPE # IS A NUMBER WITH THE VALUE  18 
PARAMETER 19 TYPE # IS A NUMBER WITH THE VALUE  19 
PARAMETER 20 TYPE # IS A NUMBER WITH THE VALUE  20 
PARAMETER 21 TYPE # IS A NUMBER WITH THE VALUE  21 
PARAMETER 22 TYPE # IS A NUMBER WITH THE VALUE  22 
PARAMETER 23 TYPE # IS A NUMBER WITH THE VALUE  23 
PARAMETER 24 TYPE # IS A NUMBER WITH THE VALUE  24 
PARAMETER 25 TYPE # IS A NUMBER WITH THE VALUE  25 
PARAMETER 26 TYPE # IS A NUMBER WITH THE VALUE  26 
PARAMETER 27 TYPE # IS A NUMBER WITH THE VALUE  27 
PARAMETER 28 TYPE # IS A NUMBER WITH THE VALUE  28 
PARAMETER 29 TYPE # IS A NUMBER WITH THE VALUE  29 
PARAMETER 30 TYPE # IS A NUMBER WITH THE VALUE  30 
PARAMETER 31 TYPE # IS A NUMBER WITH THE VALUE  31 
PARAMETER 32 TYPE # IS A NUMBER WITH THE VALUE  32 
PARAMETER 33 TYPE # IS A NUMBER WITH THE VALUE  1 
PARAMETER 34 TYPE # IS A NUMBER WITH THE VALUE  2 
PARAMETER 35 TYPE # IS A NUMBER WITH THE VALUE  3 
PARAMETER 36 TYPE # IS A NUMBER WITH THE VALUE  4 
PARAMETER 37 TYPE # IS A NUMBER WITH THE VALUE  5 
PARAMETER 38 TYPE # IS A NUMBER WITH THE VALUE  6 
PARAMETER 39 TYPE # IS A NUMBER WITH THE VALUE  7 
PARAMETER 40 TYPE # IS A NUMBER WITH THE VALUE  8 
PARAMETER 41 TYPE # IS A NUMBER WITH THE VALUE  9 
PARAMETER 42 TYPE # IS A NUMBER WITH THE VALUE  10 
PARAMETER 43 TYPE # IS A NUMBER WITH THE VALUE  11 
PARAMETER 44 TYPE # IS A NUMBER WITH THE VALUE  12 
PARAMETER 45 TYPE # IS A NUMBER WITH THE VALUE  13 
PARAMETER 46 TYPE # IS A NUMBER WITH THE VALUE  14 
PARAMETER 47 TYPE # IS A NUMBER WITH THE VALUE  15 
PARAMETER 48 TYPE # IS A NUMBER WITH THE VALUE  16 
PARAMETER 49 TYPE # IS A NUMBER WITH THE VALUE  17 
PARAMETER 50 TYPE # IS A NUMBER WITH THE VALUE  18 
PARAMETER 51 TYPE # IS A NUMBER WITH THE VALUE  19 
PARAMETER 52 TYPE # IS A NUMBER WITH THE VALUE  20 
PARAMETER 53 TYPE # IS A NUMBER WITH THE VALUE  21 
PARAMETER 54 TYPE # IS A NUMBER WITH THE VALUE  22 
PARAMETER 55 TYPE # IS A NUMBER WITH THE VALUE  23 
PARAMETER 56 TYPE # IS A NUMBER WITH THE VALUE  24 
PARAMETER 57 TYPE # IS A NUMBER WITH THE VALUE  25 
PARAMETER 58 TYPE # IS A NUMBER WITH THE VALUE  26 
PARAMETER 59 TYPE # IS A NUMBER WITH THE VALUE  27 
PARAMETER 60 TYPE # IS A NUMBER WITH THE VALUE  28 
PARAMETER 61 TYPE # IS A NUMBER WITH THE VALUE  29 
PARAMETER 62 TYPE # IS A NUMBER WITH THE VALUE  30 
PARAMETER 63 TYPE # IS A NUMBER WITH THE VALUE  31 
PARAMETER 64 TYPE # IS A NUMBER WITH THE VALUE  32 
PARAMETER 65 TYPE # IS A NUMBER WITH THE VALUE  1 
PARAMETER 66 TYPE # IS A NUMBER WITH THE VALUE  2 
PARAMETER 67 TYPE # IS A NUMBER WITH THE VALUE  3 
PARAMETER 68 TYPE # IS A NUMBER WITH THE VALUE  4 
PARAMETER 69 TYPE # IS A NUMBER WITH THE VALUE  5 
PARAMETER 70 TYPE # IS A NUMBER WITH THE VALUE  6 
PARAMETER 71 TYPE # IS A NUMBER WITH THE VALUE  7 
PARAMETER 72 TYPE # IS A NUMBER WITH THE VALUE  8 
PARAMETER 73 TYPE # IS A NUMBER WITH THE VALUE  9 
PARAMETER 74 TYPE # IS A NUMBER WITH THE VALUE  10 
PARAMETER 75 TYPE # IS A NUMBER WITH THE VALUE  11 
PARAMETER 76 TYPE # IS A NUMBER WITH THE VALUE  12 
PARAMETER 77 TYPE # IS A NUMBER WITH THE VALUE  13 
PARAMETER 78 TYPE # IS A NUMBER WITH THE VALUE  14 
PARAMETER 79 TYPE # IS A NUMBER WITH THE VALUE  15 
PARAMETER 80 TYPE # IS A NUMBER WITH THE VALUE  16 
PARAMETER 81 TYPE # IS A NUMBER WITH THE VALUE  17 
PARAMETER 82 TYPE # IS A NUMBER WITH THE VALUE  18 
PARAMETER 83 TYPE # IS A NUMBER WITH THE VALUE  19 
PARAMETER 84 TYPE # IS A NUMBER WITH THE VALUE  20 
PARAMETER 85 TYPE # IS A NUMBER WITH THE VALUE  21 
PARAMETER 86 TYPE # IS A NUMBER WITH THE VALUE  22 
PARAMETER 87 TYPE # IS A NUMBER WITH THE VALUE  23 
PARAMETER 88 TYPE # IS A NUMBER WITH THE VALUE  24 
PARAMETER 89 TYPE # IS A NUMBER WITH THE VALUE  25 
PARAMETER 90 TYPE # IS A NUMBER WITH THE VALUE  26 
PARAMETER 91 TYPE # IS A NUMBER WITH THE VALUE  27 
PARAMETER 92 TYPE # IS A NUMBER WITH THE VALUE  28 
PARAMETER 93 TYPE # IS A NUMBER WITH THE VALUE  29 
PARAMETER 94 TYPE # IS A NUMBER WITH THE VALUE  30 
PARAMETER 95 TYPE # IS A NUMBER WITH THE VALUE  31 
PARAMETER 96 TYPE # IS A NUMBER WITH THE VALUE  32 
PARAMETER 97 TYPE # IS A NUMBER WITH THE VALUE  1 
PARAMETER 98 TYPE # IS A NUMBER WITH THE VALUE  2 
PARAMETER 99 TYPE # IS A NUMBER WITH THE VALUE  3 
PARAMETER 100 TYPE # IS A NUMBER WITH THE VALUE  4 
PARAMETER 101 TYPE # IS A NUMBER WITH THE VALUE  5 
PARAMETER 102 TYPE # IS A NUMBER WITH THE VALUE  6 
PARAMETER 103 TYPE # IS A NUMBER WITH THE VALUE  7 
PARAMETER 104 TYPE # IS A NUMBER WITH THE VALUE  8 
PARAMETER 105 TYPE # IS A NUMBER WITH THE VALUE  9 
PARAMETER 106 TYPE # IS A NUMBER WITH THE VALUE  10 
PARAMETER 107 TYPE # IS A NUMBER WITH THE VALUE  11 
PARAMETER 108 TYPE # IS A NUMBER WITH THE VALUE  12 
PARAMETER 109 TYPE # IS A NUMBER WITH THE VALUE  13 
PARAMETER 110 TYPE # IS A NUMBER WITH THE VALUE  14 
PARAMETER 111 TYPE # IS A NUMBER WITH THE VALUE  15 
PARAMETER 112 TYPE # IS A NUMBER WITH THE VALUE  16 
PARAMETER 113 TYPE # IS A NUMBER WITH THE VALUE  17 
PARAMETER 114 TYPE # IS A NUMBER WITH THE VALUE  18 
PARAMETER 115 TYPE # IS A NUMBER WITH THE VALUE  19 
PARAMETER 116 TYPE # IS A NUMBER WITH THE VALUE  20 
PARAMETER 117 TYPE # IS A NUMBER WITH THE VALUE  21 
PARAMETER 118 TYPE # IS A NUMBER WITH THE VALUE  22 
PARAMETER 119 TYPE # IS A NUMBER WITH THE VALUE  23 
PARAMETER 120 TYPE # IS A NUMBER WITH THE VALUE  24 
PARAMETER 121 TYPE # IS A NUMBER WITH THE VALUE  25 
PARAMETER 122 TYPE # IS A NUMBER WITH THE VALUE  26 
PARAMETER 123 TYPE # IS A NUMBER WITH THE VALUE  27 
PARAMETER 124 TYPE # IS A NUMBER WITH THE VALUE  28 
PARAMETER 125 TYPE # IS A NUMBER WITH THE VALUE  29 
PARAMETER 126 TYPE # IS A NUMBER WITH THE VALUE  30 
PARAMETER 127 TYPE # IS A NUMBER WITH THE VALUE  31 
PARAMETER 128 TYPE # IS A NUMBER WITH THE VALUE  32 
PARAMETER 129 TYPE # IS A NUMBER WITH THE VALUE  1 
PARAMETER 130 TYPE # IS A NUMBER WITH THE VALUE  2 
PARAMETER 131 TYPE # IS A NUMBER WITH THE VALUE  3 
PARAMETER 132 TYPE # IS A NUMBER WITH THE VALUE  4 
PARAMETER 133 TYPE # IS A NUMBER WITH THE VALUE  5 
PARAMETER 134 TYPE # IS A NUMBER WITH THE VALUE  6 
PARAMETER 135 TYPE # IS A NUMBER WITH THE VALUE  7 
PARAMETER 136 TYPE # IS A NUMBER WITH THE VALUE  8 
PARAMETER 137 TYPE # IS A NUMBER WITH THE VALUE  9 
PARAMETER 138 TYPE # IS A NUMBER WITH THE VALUE  10 
PARAMETER 139 TYPE # IS A NUMBER WITH THE VALUE  11 
PARAMETER 140 TYPE # IS A NUMBER WITH THE VALUE  12 
PARAMETER 141 TYPE # IS A NUMBER WITH THE VALUE  13 
PARAMETER 142 TYPE # IS A NUMBER WITH THE VALUE  14 
PARAMETER 143 TYPE # IS A NUMBER WITH THE VALUE  15 
PARAMETER 144 TYPE # IS A NUMBER WITH THE VALUE  16 
PARAMETER 145 TYPE # IS A NUMBER WITH THE VALUE  17 
PARAMETER 146 TYPE # IS A NUMBER WITH THE VALUE  18 
PARAMETER 147 TYPE # IS A NUMBER WITH THE VALUE  19 
PARAMETER 148 TYPE # IS A NUMBER WITH THE VALUE  20 
PARAMETER 149 TYPE # IS A NUMBER WITH THE VALUE  21 
PARAMETER 150 TYPE # IS A NUMBER WITH THE VALUE  22 
PARAMETER 151 TYPE # IS A NUMBER WITH THE VALUE  23 
PARAMETER 152 TYPE # IS A NUMBER WITH THE VALUE  24 
PARAMETER 153 TYPE # IS A NUMBER WITH THE VALUE  25 
PARAMETER 154 TYPE # IS A NUMBER WITH THE VALUE  26 
PARAMETER 155 TYPE # IS A NUMBER WITH THE VALUE  27 
PARAMETER 156 TYPE # IS A NUMBER WITH THE VALUE  28 
PARAMETER 157 TYPE # IS A NUMBER WITH THE VALUE  29 
PARAMETER 158 TYPE # IS A NUMBER WITH THE VALUE  30 
PARAMETER 159 TYPE # IS A NUMBER WITH THE VALUE  31 
PARAMETER 160 TYPE # IS A NUMBER WITH THE VALUE  32 
PARAMETER 161 TYPE # IS A NUMBER WITH THE VALUE  1 
PARAMETER 162 TYPE # IS A NUMBER WITH THE VALUE  2 
PARAMETER 163 TYPE # IS A NUMBER WITH THE VALUE  3 
PARAMETER 164 TYPE # IS A NUMBER WITH THE VALUE  4 
PARAMETER 165 TYPE # IS A NUMBER WITH THE VALUE  5 
PARAMETER 166 TYPE # IS A NUMBER WITH THE VALUE  6 
PARAMETER 167 TYPE # IS A NUMBER WITH THE VALUE  7 
PARAMETER 168 TYPE # IS A NUMBER WITH THE VALUE  8 
PARAMETER 169 TYPE # IS A NUMBER WITH THE VALUE  9 
PARAMETER 170 TYPE # IS A NUMBER WITH THE VALUE  10 
PARAMETER 171 TYPE # IS A NUMBER WITH THE VALUE  11 
PARAMETER 172 TYPE # IS A NUMBER WITH THE VALUE  12 
PARAMETER 173 TYPE # IS A NUMBER WITH THE VALUE  13 
PARAMETER 174 TYPE # IS A NUMBER WITH THE VALUE  14 
PARAMETER 175 TYPE # IS A NUMBER WITH THE VALUE  15 
PARAMETER 176 TYPE # IS A NUMBER WITH THE VALUE  16 
PARAMETER 177 TYPE # IS A NUMBER WITH THE VALUE  17 
PARAMETER 178 TYPE # IS A NUMBER WITH THE VALUE  18 
PARAMETER 179 TYPE # IS A NUMBER WITH THE VALUE  19 
PARAMETER 180 TYPE # IS A NUMBER WITH THE VALUE  20 
PARAMETER 181 TYPE # IS A NUMBER WITH THE VALUE  21 
PARAMETER 182 TYPE # IS A NUMBER WITH THE VALUE  22 
PARAMETER 183 TYPE # IS A NUMBER WITH THE VALUE  23 
PARAMETER 184 TYPE # IS A NUMBER WITH THE VALUE  24 
PARAMETER 185 TYPE # IS A NUMBER WITH THE VALUE  25 
PARAMETER 186 TYPE # IS A NUMBER WITH THE VALUE  26 
PARAMETER 187 TYPE # IS A NUMBER WITH THE VALUE  27 
PARAMETER 188 TYPE # IS A NUMBER WITH THE VALUE  28 
PARAMETER 189 TYPE # IS A NUMBER WITH THE VALUE  29 
PARAMETER 190 TYPE # IS A NUMBER WITH THE VALUE  30 
PARAMETER 191 TYPE # IS A NUMBER WITH THE VALUE  31 
PARAMETER 192 TYPE # IS A NUMBER WITH THE VALUE  32 
PARAMETER 193 TYPE # IS A NUMBER WITH THE VALUE  1 
PARAMETER 194 TYPE # IS A NUMBER WITH THE VALUE  2 
PARAMETER 195 TYPE # IS A NUMBER WITH THE VALUE  3 
PARAMETER 196 TYPE # IS A NUMBER WITH THE VALUE  4 
PARAMETER 197 TYPE # IS A NUMBER WITH THE VALUE  5 
PARAMETER 198 TYPE # IS A NUMBER WITH THE VALUE  6 
PARAMETER 199 TYPE # IS A NUMBER WITH THE VALUE  7 
PARAMETER 200 TYPE # IS A NUMBER WITH THE VALUE  8 
PARAMETER 201 TYPE # IS A NUMBER WITH THE VALUE  9 
PARAMETER 202 TYPE # IS A NUMBER WITH THE VALUE  10 
PARAMETER 203 TYPE # IS A NUMBER WITH THE VALUE  11 
PARAMETER 204 TYPE # IS A NUMBER WITH THE VALUE  12 
PARAMETER 205 TYPE # IS A NUMBER WITH THE VALUE  13 
PARAMETER 206 TYPE # IS A NUMBER WITH THE VALUE  14 
PARAMETER 207 TYPE # IS A NUMBER WITH THE VALUE  15 
PARAMETER 208 TYPE # IS A NUMBER WITH THE VALUE  16 
PARAMETER 209 TYPE # IS A NUMBER WITH THE VALUE  17 
PARAMETER 210 TYPE # IS A NUMBER WITH THE VALUE  18 
PARAMETER 211 TYPE # IS A NUMBER WITH THE VALUE  19 
PARAMETER 212 TYPE $ IS A STRING WITH THE VALUE jkl
PARAMETER 213 TYPE # IS A NUMBER WITH THE VALUE  21 
PARAMETER 214 TYPE # IS A NUMBER WITH THE VALUE  22 
PARAMETER 215 TYPE # IS A NUMBER WITH THE VALUE  23 
PARAMETER 216 TYPE # IS A NUMBER WITH THE VALUE  24 
PARAMETER 217 TYPE # IS A NUMBER WITH THE VALUE  25 
PARAMETER 218 TYPE # IS A NUMBER WITH THE VALUE  26 
PARAMETER 219 TYPE # IS A NUMBER WITH THE VALUE  27 
PARAMETER 220 TYPE # IS A NUMBER WITH THE VALUE  28 
PARAMETER 221 TYPE # IS A NUMBER WITH THE VALUE  29 
PARAMETER 222 TYPE # IS A NUMBER WITH THE VALUE  30 
PARAMETER 223 TYPE # IS A NUMBER WITH THE VALUE  31 
PARAMETER 224 TYPE # IS A NUMBER WITH THE VALUE  32 
PARAMETER 225 TYPE # IS A NUMBER WITH THE VALUE  1 
PARAMETER 226 TYPE # IS A NUMBER WITH THE VALUE  2 
PARAMETER 227 TYPE # IS A NUMBER WITH THE VALUE  3 
PARAMETER 228 TYPE # IS A NUMBER WITH THE VALUE  4 
PARAMETER 229 TYPE # IS A NUMBER WITH THE VALUE  5 
PARAMETER 230 TYPE # IS A NUMBER WITH THE VALUE  6 
PARAMETER 231 TYPE # IS A NUMBER WITH THE VALUE  7 
PARAMETER 232 TYPE # IS A NUMBER WITH THE VALUE  8 
PARAMETER 233 TYPE # IS A NUMBER WITH THE VALUE  9 
PARAMETER 234 TYPE # IS A NUMBER WITH THE VALUE  10 
PARAMETER 235 TYPE # IS A NUMBER WITH THE VALUE  11 
PARAMETER 236 TYPE # IS A NUMBER WITH THE VALUE  12 
PARAMETER 237 TYPE # IS A NUMBER WITH THE VALUE  13 
PARAMETER 238 TYPE # IS A NUMBER WITH THE VALUE  14 
PARAMETER 239 TYPE # IS A NUMBER WITH THE VALUE  15 
PARAMETER 240 TYPE # IS A NUMBER WITH THE VALUE  16 
PARAMETER 241 TYPE # IS A NUMBER WITH THE VALUE  17 
PARAMETER 242 TYPE # IS A NUMBER WITH THE VALUE  18 
PARAMETER 243 TYPE # IS A NUMBER WITH THE VALUE  19 
PARAMETER 244 TYPE # IS A NUMBER WITH THE VALUE  20 
PARAMETER 245 TYPE # IS A NUMBER WITH THE VALUE  21 
PARAMETER 246 TYPE # IS A NUMBER WITH THE VALUE  22 
PARAMETER 247 TYPE # IS A NUMBER WITH THE VALUE  23 
PARAMETER 248 TYPE # IS A NUMBER WITH THE VALUE  24 
PARAMETER 249 TYPE # IS A NUMBER WITH THE VALUE  25 
PARAMETER 250 TYPE # IS A NUMBER WITH THE VALUE  26 
PARAMETER 251 TYPE # IS A NUMBER WITH THE VALUE  27 
PARAMETER 252 TYPE # IS A NUMBER WITH THE VALUE  28 
PARAMETER 253 TYPE # IS A NUMBER WITH THE VALUE  29 
PARAMETER 254 TYPE # IS A NUMBER WITH THE VALUE  30 
PARAMETER 255 TYPE # IS A NUMBER WITH THE VALUE  31 
PARAMETER 256 TYPE # IS A NUMBER WITH THE VALUE  32 
PARAMETER 257 TYPE # IS A NUMBER WITH THE VALUE  1 
PARAMETER 258 TYPE # IS A NUMBER WITH THE VALUE  2 
PARAMETER 259 TYPE # IS A NUMBER WITH THE VALUE  3 
PARAMETER 260 TYPE # IS A NUMBER WITH THE VALUE  4 
PARAMETER 261 TYPE # IS A NUMBER WITH THE VALUE  5 
PARAMETER 262 TYPE # IS A NUMBER WITH THE VALUE  6 
PARAMETER 263 TYPE # IS A NUMBER WITH THE VALUE  7 
PARAMETER 264 TYPE # IS A NUMBER WITH THE VALUE  8 
PARAMETER 265 TYPE # IS A NUMBER WITH THE VALUE  9 
PARAMETER 266 TYPE # IS A NUMBER WITH THE VALUE  10 
PARAMETER 267 TYPE # IS A NUMBER WITH THE VALUE  11 
PARAMETER 268 TYPE # IS A NUMBER WITH THE VALUE  12 
PARAMETER 269 TYPE # IS A NUMBER WITH THE VALUE  13 
PARAMETER 270 TYPE # IS A NUMBER WITH THE VALUE  14 
PARAMETER 271 TYPE # IS A NUMBER WITH THE VALUE  15 
PARAMETER 272 TYPE # IS A NUMBER WITH THE VALUE  16 
PARAMETER 273 TYPE # IS A NUMBER WITH THE VALUE  17 
PARAMETER 274 TYPE # IS A NUMBER WITH THE VALUE  18 
PARAMETER 275 TYPE # IS A NUMBER WITH THE VALUE  19 
PARAMETER 276 TYPE # IS A NUMBER WITH THE VALUE  20 
PARAMETER 277 TYPE # IS A NUMBER WITH THE VALUE  21 
PARAMETER 278 TYPE # IS A NUMBER WITH THE VALUE  22 
PARAMETER 279 TYPE # IS A NUMBER WITH THE VALUE  23 
PARAMETER 280 TYPE # IS A NUMBER WITH THE VALUE  24 
PARAMETER 281 TYPE # IS A NUMBER WITH THE VALUE  25 
PARAMETER 282 TYPE # IS A NUMBER WITH THE VALUE  26 
PARAMETER 283 TYPE # IS A NUMBER WITH THE VALUE  27 
PARAMETER 284 TYPE # IS A NUMBER WITH THE VALUE  28 
PARAMETER 285 TYPE # IS A NUMBER WITH THE VALUE  29 
PARAMETER 286 TYPE # IS A NUMBER WITH THE VALUE  30 
PARAMETER 287 TYPE # IS A NUMBER WITH THE VALUE  31 
PARAMETER 288 TYPE # IS A NUMBER WITH THE VALUE  32 
PARAMETER 289 TYPE # IS A NUMBER WITH THE VALUE  1 
PARAMETER 290 TYPE # IS A NUMBER WITH THE VALUE  2 
PARAMETER 291 TYPE # IS A NUMBER WITH THE VALUE  3 
PARAMETER 292 TYPE # IS A NUMBER WITH THE VALUE  4 
PARAMETER 293 TYPE # IS A NUMBER WITH THE VALUE  5 
PARAMETER 294 TYPE # IS A NUMBER WITH THE VALUE  6 
PARAMETER 295 TYPE # IS A NUMBER WITH THE VALUE  7 
PARAMETER 296 TYPE # IS A NUMBER WITH THE VALUE  8 
PARAMETER 297 TYPE # IS A NUMBER WITH THE VALUE  9 
PARAMETER 298 TYPE # IS A NUMBER WITH THE VALUE  10 
PARAMETER 299 TYPE # IS A NUMBER WITH THE VALUE  11 
PARAMETER 300 TYPE # IS A NUMBER WITH THE VALUE  12 
PARAMETER 301 TYPE # IS A NUMBER WITH THE VALUE  13 
PARAMETER 302 TYPE # IS A NUMBER WITH THE VALUE  14 
PARAMETER 303 TYPE # IS A NUMBER WITH THE VALUE  15 
PARAMETER 304 TYPE # IS A NUMBER WITH THE VALUE  16 
PARAMETER 305 TYPE # IS A NUMBER WITH THE VALUE  17 
PARAMETER 306 TYPE # IS A NUMBER WITH THE VALUE  18 
PARAMETER 307 TYPE # IS A NUMBER WITH THE VALUE  19 
PARAMETER 308 TYPE # IS A NUMBER WITH THE VALUE  20 
PARAMETER 309 TYPE # IS A NUMBER WITH THE VALUE  21 
PARAMETER 310 TYPE # IS A NUMBER WITH THE VALUE  22 
PARAMETER 311 TYPE # IS A NUMBER WITH THE VALUE  23 
PARAMETER 312 TYPE # IS A NUMBER WITH THE VALUE  24 
PARAMETER 313 TYPE # IS A NUMBER WITH THE VALUE  25 
PARAMETER 314 TYPE # IS A NUMBER WITH THE VALUE  26 
PARAMETER 315 TYPE # IS A NUMBER WITH THE VALUE  27 
PARAMETER 316 TYPE # IS A NUMBER WITH THE VALUE  28 
PARAMETER 317 TYPE # IS A NUMBER WITH THE VALUE  29 
PARAMETER 318 TYPE # IS A NUMBER WITH THE VALUE  30 
PARAMETER 319 TYPE # IS A NUMBER WITH THE VALUE  31 
PARAMETER 320 TYPE # IS A NUMBER WITH THE VALUE  32 
PARAMETER 321 TYPE # IS A NUMBER WITH THE VALUE  1 
PARAMETER 322 TYPE # IS A NUMBER WITH THE VALUE  2 
PARAMETER 323 TYPE # IS A NUMBER WITH THE VALUE  3 
PARAMETER 324 TYPE # IS A NUMBER WITH THE VALUE  4 
PARAMETER 325 TYPE # IS A NUMBER WITH THE VALUE  5 
PARAMETER 326 TYPE # IS A NUMBER WITH THE VALUE  6 
PARAMETER 327 TYPE # IS A NUMBER WITH THE VALUE  7 
PARAMETER 328 TYPE # IS A NUMBER WITH THE VALUE  8 
PARAMETER 329 TYPE # IS A NUMBER WITH THE VALUE  9 
PARAMETER 330 TYPE # IS A NUMBER WITH THE VALUE  10 
PARAMETER 331 TYPE # IS A NUMBER WITH THE VALUE  11 
PARAMETER 332 TYPE # IS A NUMBER WITH THE VALUE  12 
PARAMETER 333 TYPE # IS A NUMBER WITH THE VALUE  13 
PARAMETER 334 TYPE # IS A NUMBER WITH THE VALUE  14 
PARAMETER 335 TYPE # IS A NUMBER WITH THE VALUE  15 
PARAMETER 336 TYPE # IS A NUMBER WITH THE VALUE  16 
PARAMETER 337 TYPE # IS A NUMBER WITH THE VALUE  17 
PARAMETER 338 TYPE # IS A NUMBER WITH THE VALUE  18 
PARAMETER 339 TYPE # IS A NUMBER WITH THE VALUE  19 
PARAMETER 340 TYPE # IS A NUMBER WITH THE VALUE  20 
PARAMETER 341 TYPE # IS A NUMBER WITH THE VALUE  21 
PARAMETER 342 TYPE # IS A NUMBER WITH THE VALUE  22 
PARAMETER 343 TYPE # IS A NUMBER WITH THE VALUE  23 
PARAMETER 344 TYPE # IS A NUMBER WITH THE VALUE  24 
PARAMETER 345 TYPE # IS A NUMBER WITH THE VALUE  25 
PARAMETER 346 TYPE # IS A NUMBER WITH THE VALUE  26 
PARAMETER 347 TYPE # IS A NUMBER WITH THE VALUE  27 
PARAMETER 348 TYPE # IS A NUMBER WITH THE VALUE  28 
PARAMETER 349 TYPE # IS A NUMBER WITH THE VALUE  29 
PARAMETER 350 TYPE # IS A NUMBER WITH THE VALUE  30 
PARAMETER 351 TYPE # IS A NUMBER WITH THE VALUE  31 
PARAMETER 352 TYPE # IS A NUMBER WITH THE VALUE  32 
PARAMETER 353 TYPE # IS A NUMBER WITH THE VALUE  1 
PARAMETER 354 TYPE # IS A NUMBER WITH THE VALUE  2 
PARAMETER 355 TYPE # IS A NUMBER WITH THE VALUE  3 
PARAMETER 356 TYPE # IS A NUMBER WITH THE VALUE  4 
PARAMETER 357 TYPE # IS A NUMBER WITH THE VALUE  5 
PARAMETER 358 TYPE # IS A NUMBER WITH THE VALUE  6 
PARAMETER 359 TYPE # IS A NUMBER WITH THE VALUE  7 
PARAMETER 360 TYPE # IS A NUMBER WITH THE VALUE  8 
PARAMETER 361 TYPE # IS A NUMBER WITH THE VALUE  9 
PARAMETER 362 TYPE # IS A NUMBER WITH THE VALUE  10 
PARAMETER 363 TYPE # IS A NUMBER WITH THE VALUE  11 
PARAMETER 364 TYPE # IS A NUMBER WITH THE VALUE  12 
PARAMETER 365 TYPE # IS A NUMBER WITH THE VALUE  13 
PARAMETER 366 TYPE # IS A NUMBER WITH THE VALUE  14 
PARAMETER 367 TYPE # IS A NUMBER WITH THE VALUE  15 
PARAMETER 368 TYPE # IS A NUMBER WITH THE VALUE  16 
PARAMETER 369 TYPE # IS A NUMBER WITH THE VALUE  17 
PARAMETER 370 TYPE # IS A NUMBER WITH THE VALUE  18 
PARAMETER 371 TYPE # IS A NUMBER WITH THE VALUE  19 
PARAMETER 372 TYPE # IS A NUMBER WITH THE VALUE  20 
PARAMETER 373 TYPE # IS A NUMBER WITH THE VALUE  21 
PARAMETER 374 TYPE # IS A NUMBER WITH THE VALUE  22 
PARAMETER 375 TYPE # IS A NUMBER WITH THE VALUE  23 
PARAMETER 376 TYPE # IS A NUMBER WITH THE VALUE  24 
PARAMETER 377 TYPE # IS A NUMBER WITH THE VALUE  25 
PARAMETER 378 TYPE # IS A NUMBER WITH THE VALUE  26 
PARAMETER 379 TYPE # IS A NUMBER WITH THE VALUE  27 
PARAMETER 380 TYPE # IS A NUMBER WITH THE VALUE  28 
PARAMETER 381 TYPE # IS A NUMBER WITH THE VALUE  29 
PARAMETER 382 TYPE # IS A NUMBER WITH THE VALUE  30 
PARAMETER 383 TYPE # IS A NUMBER WITH THE VALUE  31 
PARAMETER 384 TYPE # IS A NUMBER WITH THE VALUE  32 
PARAMETER 385 TYPE # IS A NUMBER WITH THE VALUE  1 
PARAMETER 386 TYPE # IS A NUMBER WITH THE VALUE  2 
PARAMETER 387 TYPE # IS A NUMBER WITH THE VALUE  3 
PARAMETER 388 TYPE # IS A NUMBER WITH THE VALUE  4 
PARAMETER 389 TYPE # IS A NUMBER WITH THE VALUE  5 
PARAMETER 390 TYPE # IS A NUMBER WITH THE VALUE  6 
PARAMETER 391 TYPE # IS A NUMBER WITH THE VALUE  7 
PARAMETER 392 TYPE # IS A NUMBER WITH THE VALUE  8 
PARAMETER 393 TYPE # IS A NUMBER WITH THE VALUE  9 
PARAMETER 394 TYPE # IS A NUMBER WITH THE VALUE  10 
PARAMETER 395 TYPE # IS A NUMBER WITH THE VALUE  11 
PARAMETER 396 TYPE # IS A NUMBER WITH THE VALUE  12 
PARAMETER 397 TYPE # IS A NUMBER WITH THE VALUE  13 
PARAMETER 398 TYPE # IS A NUMBER WITH THE VALUE  14 
PARAMETER 399 TYPE # IS A NUMBER WITH THE VALUE  15 
PARAMETER 400 TYPE # IS A NUMBER WITH THE VALUE  16 
PARAMETER 401 TYPE # IS A NUMBER WITH THE VALUE  17 
PARAMETER 402 TYPE # IS A NUMBER WITH THE VALUE  18 
PARAMETER 403 TYPE # IS A NUMBER WITH THE VALUE  19 
PARAMETER 404 TYPE # IS A NUMBER WITH THE VALUE  20 
PARAMETER 405 TYPE # IS A NUMBER WITH THE VALUE  21 
PARAMETER 406 TYPE # IS A NUMBER WITH THE VALUE  22 
PARAMETER 407 TYPE # IS A NUMBER WITH THE VALUE  23 
PARAMETER 408 TYPE # IS A NUMBER WITH THE VALUE  24 
PARAMETER 409 TYPE # IS A NUMBER WITH THE VALUE  25 
PARAMETER 410 TYPE # IS A NUMBER WITH THE VALUE  26 
PARAMETER 411 TYPE # IS A NUMBER WITH THE VALUE  27 
PARAMETER 412 TYPE # IS A NUMBER WITH THE VALUE  28 
PARAMETER 413 TYPE # IS A NUMBER WITH THE VALUE  29 
PARAMETER 414 TYPE # IS A NUMBER WITH THE VALUE  30 
PARAMETER 415 TYPE # IS A NUMBER WITH THE VALUE  31 
PARAMETER 416 TYPE # IS A NUMBER WITH THE VALUE  32 
PARAMETER 417 TYPE # IS A NUMBER WITH THE VALUE  1 
PARAMETER 418 TYPE # IS A NUMBER WITH THE VALUE  2 
PARAMETER 419 TYPE # IS A NUMBER WITH THE VALUE  3 
PARAMETER 420 TYPE # IS A NUMBER WITH THE VALUE  4 
PARAMETER 421 TYPE # IS A NUMBER WITH THE VALUE  5 
PARAMETER 422 TYPE # IS A NUMBER WITH THE VALUE  6 
PARAMETER 423 TYPE # IS A NUMBER WITH THE VALUE  7 
PARAMETER 424 TYPE # IS A NUMBER WITH THE VALUE  8 
PARAMETER 425 TYPE # IS A NUMBER WITH THE VALUE  9 
PARAMETER 426 TYPE # IS A NUMBER WITH THE VALUE  10 
PARAMETER 427 TYPE # IS A NUMBER WITH THE VALUE  11 
PARAMETER 428 TYPE # IS A NUMBER WITH THE VALUE  12 
PARAMETER 429 TYPE # IS A NUMBER WITH THE VALUE  13 
PARAMETER 430 TYPE # IS A NUMBER WITH THE VALUE  14 
PARAMETER 431 TYPE # IS A NUMBER WITH THE VALUE  15 
PARAMETER 432 TYPE # IS A NUMBER WITH THE VALUE  16 
PARAMETER 433 TYPE # IS A NUMBER WITH THE VALUE  17 
PARAMETER 434 TYPE # IS A NUMBER WITH THE VALUE  18 
PARAMETER 435 TYPE # IS A NUMBER WITH THE VALUE  19 
PARAMETER 436 TYPE # IS A NUMBER WITH THE VALUE  20 
PARAMETER 437 TYPE # IS A NUMBER WITH THE VALUE  21 
PARAMETER 438 TYPE # IS A NUMBER WITH THE VALUE  22 
PARAMETER 439 TYPE # IS A NUMBER WITH THE VALUE  23 
PARAMETER 440 TYPE # IS A NUMBER WITH THE VALUE  24 
PARAMETER 441 TYPE # IS A NUMBER WITH THE VALUE  25 
PARAMETER 442 TYPE # IS A NUMBER WITH THE VALUE  26 
PARAMETER 443 TYPE # IS A NUMBER WITH THE VALUE  27 
PARAMETER 444 TYPE # IS A NUMBER WITH THE VALUE  28 
PARAMETER 445 TYPE # IS A NUMBER WITH THE VALUE  29 
PARAMETER 446 TYPE # IS A NUMBER WITH THE VALUE  30 
PARAMETER 447 TYPE # IS A NUMBER WITH THE VALUE  31 
PARAMETER 448 TYPE # IS A NUMBER WITH THE VALUE  32 
PARAMETER 449 TYPE # IS A NUMBER WITH THE VALUE  1 
PARAMETER 450 TYPE # IS A NUMBER WITH THE VALUE  2 
PARAMETER 451 TYPE # IS A NUMBER WITH THE VALUE  3 
PARAMETER 452 TYPE # IS A NUMBER WITH THE VALUE  4 
PARAMETER 453 TYPE # IS A NUMBER WITH THE VALUE  5 
PARAMETER 454 TYPE # IS A NUMBER WITH THE VALUE  6 
PARAMETER 455 TYPE # IS A NUMBER WITH THE VALUE  7 
PARAMETER 456 TYPE # IS A NUMBER WITH THE VALUE  8 
PARAMETER 457 TYPE # IS A NUMBER WITH THE VALUE  9 
PARAMETER 458 TYPE # IS A NUMBER WITH THE VALUE  10 
PARAMETER 459 TYPE # IS A NUMBER WITH THE VALUE  11 
PARAMETER 460 TYPE # IS A NUMBER WITH THE VALUE  12 
PARAMETER 461 TYPE # IS A NUMBER WITH THE VALUE  13 
PARAMETER 462 TYPE # IS A NUMBER WITH THE VALUE  14 
PARAMETER 463 TYPE # IS A NUMBER WITH THE VALUE  15 
PARAMETER 464 TYPE # IS A NUMBER WITH THE VALUE  16 
PARAMETER 465 TYPE # IS A NUMBER WITH THE VALUE  17 
PARAMETER 466 TYPE # IS A NUMBER WITH THE VALUE  18 
PARAMETER 467 TYPE # IS A NUMBER WITH THE VALUE  19 
PARAMETER 468 TYPE # IS A NUMBER WITH THE VALUE  20 
PARAMETER 469 TYPE # IS A NUMBER WITH THE VALUE  21 
PARAMETER 470 TYPE # IS A NUMBER WITH THE VALUE  22 
PARAMETER 471 TYPE # IS A NUMBER WITH THE VALUE  23 
PARAMETER 472 TYPE # IS A NUMBER WITH THE VALUE  24 
PARAMETER 473 TYPE # IS A NUMBER WITH THE VALUE  25 
PARAMETER 474 TYPE # IS A NUMBER WITH THE VALUE  26 
PARAMETER 475 TYPE # IS A NUMBER WITH THE VALUE  27 
PARAMETER 476 TYPE # IS A NUMBER WITH THE VALUE  28 
PARAMETER 477 TYPE # IS A NUMBER WITH THE VALUE  29 
PARAMETER 478 TYPE # IS A NUMBER WITH THE VALUE  30 
PARAMETER 479 TYPE # IS A NUMBER WITH THE VALUE  31 
PARAMETER 480 TYPE # IS A NUMBER WITH THE VALUE  32 
PARAMETER 481 TYPE # IS A NUMBER WITH THE VALUE  1 
PARAMETER 482 TYPE # IS A NUMBER WITH THE VALUE  2 
PARAMETER 483 TYPE # IS A NUMBER WITH THE VALUE  3 
PARAMETER 484 TYPE # IS A NUMBER WITH THE VALUE  4 
PARAMETER 485 TYPE # IS A NUMBER WITH THE VALUE  5 
PARAMETER 486 TYPE # IS A NUMBER WITH THE VALUE  6 
PARAMETER 487 TYPE # IS A NUMBER WITH THE VALUE  7 
PARAMETER 488 TYPE # IS A NUMBER WITH THE VALUE  8 
PARAMETER 489 TYPE # IS A NUMBER WITH THE VALUE  9 
PARAMETER 490 TYPE # IS A NUMBER WITH THE VALUE  10 
PARAMETER 491 TYPE # IS A NUMBER WITH THE VALUE  11 
PARAMETER 492 TYPE # IS A NUMBER WITH THE VALUE  12 
PARAMETER 493 TYPE # IS A NUMBER WITH THE VALUE  13 
PARAMETER 494 TYPE # IS A NUMBER WITH THE VALUE  14 
PARAMETER 495 TYPE # IS A NUMBER WITH THE VALUE  15 
PARAMETER 496 TYPE # IS A NUMBER WITH THE VALUE  16 
PARAMETER 497 TYPE # IS A NUMBER WITH THE VALUE  17 
PARAMETER 498 TYPE # IS A NUMBER WITH THE VALUE  18 
PARAMETER 499 TYPE # IS A NUMBER WITH THE VALUE  19 
PARAMETER 500 TYPE # IS A NUMBER WITH THE VALUE  20 
PARAMETER 501 TYPE # IS A NUMBER WITH THE VALUE  21 
PARAMETER 502 TYPE # IS A NUMBER WITH THE VALUE  22 
PARAMETER 503 TYPE # IS A NUMBER WITH THE VALUE  23 
PARAMETER 504 TYPE # IS A NUMBER WITH THE VALUE  24 
PARAMETER 505 TYPE # IS A NUMBER WITH THE VALUE  25 
PARAMETER 506 TYPE # IS A NUMBER WITH THE VALUE  26 
PARAMETER 507 TYPE # IS A NUMBER WITH THE VALUE  27 
PARAMETER 508 TYPE # IS A NUMBER WITH THE VALUE  28 
PARAMETER 509 TYPE # IS A NUMBER WITH THE VALUE  29 
PARAMETER 510 TYPE # IS A NUMBER WITH THE VALUE  30 
PARAMETER 511 TYPE # IS A NUMBER WITH THE VALUE  31 
PARAMETER 512 TYPE # IS A NUMBER WITH THE VALUE  32 
PARAMETER 513 TYPE # IS A NUMBER WITH THE VALUE  1 
PARAMETER 514 TYPE # IS A NUMBER WITH THE VALUE  2 
PARAMETER 515 TYPE # IS A NUMBER WITH THE VALUE  3 
PARAMETER 516 TYPE # IS A NUMBER WITH THE VALUE  4 
PARAMETER 517 TYPE # IS A NUMBER WITH THE VALUE  5 
PARAMETER 518 TYPE # IS A NUMBER WITH THE VALUE  6 
PARAMETER 519 TYPE # IS A NUMBER WITH THE VALUE  7 
PARAMETER 520 TYPE # IS A NUMBER WITH THE VALUE  8 
PARAMETER 521 TYPE # IS A NUMBER WITH THE VALUE  9 
PARAMETER 522 TYPE # IS A NUMBER WITH THE VALUE  10 
PARAMETER 523 TYPE # IS A NUMBER WITH THE VALUE  11 
PARAMETER 524 TYPE # IS A NUMBER WITH THE VALUE  12 
PARAMETER 525 TYPE # IS A NUMBER WITH THE VALUE  13 
PARAMETER 526 TYPE # IS A NUMBER WITH THE VALUE  14 
PARAMETER 527 TYPE # IS A NUMBER WITH THE VALUE  15 
PARAMETER 528 TYPE # IS A NUMBER WITH THE VALUE  16 
PARAMETER 529 TYPE # IS A NUMBER WITH THE VALUE  17 
PARAMETER 530 TYPE # IS A NUMBER WITH THE VALUE  18 
PARAMETER 531 TYPE # IS A NUMBER WITH THE VALUE  19 
PARAMETER 532 TYPE # IS A NUMBER WITH THE VALUE  20 
PARAMETER 533 TYPE # IS A NUMBER WITH THE VALUE  21 
PARAMETER 534 TYPE # IS A NUMBER WITH THE VALUE  22 
PARAMETER 535 TYPE # IS A NUMBER WITH THE VALUE  23 
PARAMETER 536 TYPE # IS A NUMBER WITH THE VALUE  24 
PARAMETER 537 TYPE # IS A NUMBER WITH THE VALUE  25 
PARAMETER 538 TYPE # IS A NUMBER WITH THE VALUE  26 
PARAMETER 539 TYPE # IS A NUMBER WITH THE VALUE  27 
PARAMETER 540 TYPE # IS A NUMBER WITH THE VALUE  28 
PARAMETER 541 TYPE # IS A NUMBER WITH THE VALUE  29 
PARAMETER 542 TYPE # IS A NUMBER WITH THE VALUE  30 
PARAMETER 543 TYPE # IS A NUMBER WITH THE VALUE  31 
PARAMETER 544 TYPE # IS A NUMBER WITH THE VALUE  32 
PARAMETER 545 TYPE # IS A NUMBER WITH THE VALUE  1 
PARAMETER 546 TYPE # IS A NUMBER WITH THE VALUE  2 
PARAMETER 547 TYPE # IS A NUMBER WITH THE VALUE  3 
PARAMETER 548 TYPE # IS A NUMBER WITH THE VALUE  4 
PARAMETER 549 TYPE # IS A NUMBER WITH THE VALUE  5 
PARAMETER 550 TYPE # IS A NUMBER WITH THE VALUE  6 
PARAMETER 551 TYPE # IS A NUMBER WITH THE VALUE  7 
PARAMETER 552 TYPE # IS A NUMBER WITH THE VALUE  8 
PARAMETER 553 TYPE # IS A NUMBER WITH THE VALUE  9 
PARAMETER 554 TYPE # IS A NUMBER WITH THE VALUE  10 
PARAMETER 555 TYPE # IS A NUMBER WITH THE VALUE  11 
PARAMETER 556 TYPE # IS A NUMBER WITH THE VALUE  12 
PARAMETER 557 TYPE # IS A NUMBER WITH THE VALUE  13 
PARAMETER 558 TYPE # IS A NUMBER WITH THE VALUE  14 
PARAMETER 559 TYPE # IS A NUMBER WITH THE VALUE  15 
PARAMETER 560 TYPE # IS A NUMBER WITH THE VALUE  16 
PARAMETER 561 TYPE # IS A NUMBER WITH THE VALUE  17 
PARAMETER 562 TYPE # IS A NUMBER WITH THE VALUE  18 
PARAMETER 563 TYPE # IS A NUMBER WITH THE VALUE  19 
PARAMETER 564 TYPE # IS A NUMBER WITH THE VALUE  20 
PARAMETER 565 TYPE # IS A NUMBER WITH THE VALUE  21 
PARAMETER 566 TYPE # IS A NUMBER WITH THE VALUE  22 
PARAMETER 567 TYPE # IS A NUMBER WITH THE VALUE  23 
PARAMETER 568 TYPE # IS A NUMBER WITH THE VALUE  24 
PARAMETER 569 TYPE # IS A NUMBER WITH THE VALUE  25 
PARAMETER 570 TYPE # IS A NUMBER WITH THE VALUE  26 
PARAMETER 571 TYPE # IS A NUMBER WITH THE VALUE  27 
PARAMETER 572 TYPE # IS A NUMBER WITH THE VALUE  28 
PARAMETER 573 TYPE # IS A NUMBER WITH THE VALUE  29 
PARAMETER 574 TYPE # IS A NUMBER WITH THE VALUE  30 
PARAMETER 575 TYPE # IS A NUMBER WITH THE VALUE  31 
PARAMETER 576 TYPE # IS A NUMBER WITH THE VALUE  32 
PARAMETER 577 TYPE # IS A NUMBER WITH THE VALUE  1 
PARAMETER 578 TYPE # IS A NUMBER WITH THE VALUE  2 
PARAMETER 579 TYPE # IS A NUMBER WITH THE VALUE  3 
PARAMETER 580 TYPE # IS A NUMBER WITH THE VALUE  4 
PARAMETER 581 TYPE # IS A NUMBER WITH THE VALUE  5 
PARAMETER 582 TYPE # IS A NUMBER WITH THE VALUE  6 
PARAMETER 583 TYPE # IS A NUMBER WITH THE VALUE  7 
PARAMETER 584 TYPE # IS A NUMBER WITH THE VALUE  8 
PARAMETER 585 TYPE # IS A NUMBER WITH THE VALUE  9 
PARAMETER 586 TYPE # IS A NUMBER WITH THE VALUE  10 
PARAMETER 587 TYPE # IS A NUMBER WITH THE VALUE  11 
PARAMETER 588 TYPE # IS A NUMBER WITH THE VALUE  12 
PARAMETER 589 TYPE # IS A NUMBER WITH THE VALUE  13 
PARAMETER 590 TYPE # IS A NUMBER WITH THE VALUE  14 
PARAMETER 591 TYPE # IS A NUMBER WITH THE VALUE  15 
PARAMETER 592 TYPE # IS A NUMBER WITH THE VALUE  16 
PARAMETER 593 TYPE # IS A NUMBER WITH THE VALUE  17 
PARAMETER 594 TYPE # IS A NUMBER WITH THE VALUE  18 
PARAMETER 595 TYPE # IS A NUMBER WITH THE VALUE  19 
PARAMETER 596 TYPE # IS A NUMBER WITH THE VALUE  20 
PARAMETER 597 TYPE # IS A NUMBER WITH THE VALUE  21 
PARAMETER 598 TYPE # IS A NUMBER WITH THE VALUE  22 
PARAMETER 599 TYPE # IS A NUMBER WITH THE VALUE  23 
PARAMETER 600 TYPE # IS A NUMBER WITH THE VALUE  24 
PARAMETER 601 TYPE # IS A NUMBER WITH THE VALUE  25 
PARAMETER 602 TYPE # IS A NUMBER WITH THE VALUE  26 
PARAMETER 603 TYPE # IS A NUMBER WITH THE VALUE  27 
PARAMETER 604 TYPE # IS A NUMBER WITH THE VALUE  28 
PARAMETER 605 TYPE # IS A NUMBER WITH THE VALUE  29 
PARAMETER 606 TYPE # IS A NUMBER WITH THE VALUE  30 
PARAMETER 607 TYPE # IS A NUMBER WITH THE VALUE  31 
PARAMETER 608 TYPE # IS A NUMBER WITH THE VALUE  32 
PARAMETER 609 TYPE # IS A NUMBER WITH THE VALUE  1 
PARAMETER 610 TYPE # IS A NUMBER WITH THE VALUE  2 
PARAMETER 611 TYPE # IS A NUMBER WITH THE VALUE  3 
PARAMETER 612 TYPE # IS A NUMBER WITH THE VALUE  4 
PARAMETER 613 TYPE # IS A NUMBER WITH THE VALUE  5 
PARAMETER 614 TYPE # IS A NUMBER WITH THE VALUE  6 
PARAMETER 615 TYPE # IS A NUMBER WITH THE VALUE  7 
PARAMETER 616 TYPE # IS A NUMBER WITH THE VALUE  8 
PARAMETER 617 TYPE # IS A NUMBER WITH THE VALUE  9 
PARAMETER 618 TYPE # IS A NUMBER WITH THE VALUE  10 
PARAMETER 619 TYPE # IS A NUMBER WITH THE VALUE  11 
PARAMETER 620 TYPE # IS A NUMBER WITH THE VALUE  12 
PARAMETER 621 TYPE # IS A NUMBER WITH THE VALUE  13 
PARAMETER 622 TYPE # IS A NUMBER WITH THE VALUE  14 
PARAMETER 623 TYPE # IS A NUMBER WITH THE VALUE  15 
PARAMETER 624 TYPE # IS A NUMBER WITH THE VALUE  16 
PARAMETER 625 TYPE # IS A NUMBER WITH THE VALUE  17 
PARAMETER 626 TYPE # IS A NUMBER WITH THE VALUE  18 
PARAMETER 627 TYPE # IS A NUMBER WITH THE VALUE  19 
PARAMETER 628 TYPE # IS A NUMBER WITH THE VALUE  20 
PARAMETER 629 TYPE # IS A NUMBER WITH THE VALUE  21 
PARAMETER 630 TYPE # IS A NUMBER WITH THE VALUE  22 
PARAMETER 631 TYPE # IS A NUMBER WITH THE VALUE  23 
PARAMETER 632 TYPE # IS A NUMBER WITH THE VALUE  24 
PARAMETER 633 TYPE # IS A NUMBER WITH THE VALUE  25 
PARAMETER 634 TYPE # IS A NUMBER WITH THE VALUE  26 
PARAMETER 635 TYPE # IS A NUMBER WITH THE VALUE  27 
PARAMETER 636 TYPE # IS A NUMBER WITH THE VALUE  28 
PARAMETER 637 TYPE # IS A NUMBER WITH THE VALUE  29 
PARAMETER 638 TYPE # IS A NUMBER WITH THE VALUE  30 
PARAMETER 639 TYPE # IS A NUMBER WITH THE VALUE  31 
PARAMETER 640 TYPE # IS A NUMBER WITH THE VALUE  32 
PARAMETER 641 TYPE $ IS A STRING WITH THE VALUE abc
az= 99 
32 numeric
ARGC= 32 
a= 1 
a32$=A
az= 32 
VARIANT
ARGC= 4 
PARAMETER 1 TYPE # IS A NUMBER WITH THE VALUE  1 
PARAMETER 2 TYPE # IS A NUMBER WITH THE VALUE  2 
PARAMETER 3 TYPE # IS A NUMBER WITH THE VALUE  3 
PARAMETER 4 TYPE # IS A NUMBER WITH THE VALUE  4 
az= 99 
VARIANT
ARGC= 4 
PARAMETER 1 TYPE $ IS A STRING WITH THE VALUE a
PARAMETER 2 TYPE $ IS A STRING WITH THE VALUE b
PARAMETER 3 TYPE $ IS A STRING WITH THE VALUE c
PARAMETER 4 TYPE $ IS A STRING WITH THE VALUE d
az= 99 
VARIANT
ARGC= 32 
PARAMETER 1 TYPE # IS A NUMBER WITH THE VALUE  1 
PARAMETER 2 TYPE # IS A NUMBER WITH THE VALUE  2 
PARAMETER 3 TYPE # IS A NUMBER WITH THE VALUE  3 
PARAMETER 4 TYPE # IS A NUMBER WITH THE VALUE  4 
PARAMETER 5 TYPE # IS A NUMBER WITH THE VALUE  5 
PARAMETER 6 TYPE # IS A NUMBER WITH THE VALUE  6 
PARAMETER 7 TYPE # IS A NUMBER WITH THE VALUE  7 
PARAMETER 8 TYPE # IS A NUMBER WITH THE VALUE  8 
PARAMETER 9 TYPE # IS A NUMBER WITH THE VALUE  9 
PARAMETER 10 TYPE $ IS A STRING WITH THE VALUE a
PARAMETER 11 TYPE # IS A NUMBER WITH THE VALUE  11 
PARAMETER 12 TYPE # IS A NUMBER WITH THE VALUE  12 
PARAMETER 13 TYPE # IS A NUMBER WITH THE VALUE  13 
PARAMETER 14 TYPE # IS A NUMBER WITH THE VALUE  14 
PARAMETER 15 TYPE # IS A NUMBER WITH THE VALUE  15 
PARAMETER 16 TYPE # IS A NUMBER WITH THE VALUE  16 
PARAMETER 17 TYPE # IS A NUMBER WITH THE VALUE  17 
PARAMETER 18 TYPE # IS A NUMBER WITH THE VALUE  18 
PARAMETER 19 TYPE # IS A NUMBER WITH THE VALUE  19 
PARAMETER 20 TYPE # IS A NUMBER WITH THE VALUE  20 
PARAMETER 21 TYPE # IS A NUMBER WITH THE VALUE  21 
PARAMETER 22 TYPE # IS A NUMBER WITH THE VALUE  22 
PARAMETER 23 TYPE # IS A NUMBER WITH THE VALUE  23 
PARAMETER 24 TYPE # IS A NUMBER WITH THE VALUE  24 
PARAMETER 25 TYPE # IS A NUMBER WITH THE VALUE  25 
PARAMETER 26 TYPE # IS A NUMBER WITH THE VALUE  26 
PARAMETER 27 TYPE # IS A NUMBER WITH THE VALUE  27 
PARAMETER 28 TYPE # IS A NUMBER WITH THE VALUE  28 
PARAMETER 29 TYPE # IS A NUMBER WITH THE VALUE  29 
PARAMETER 30 TYPE # IS A NUMBER WITH THE VALUE  30 
PARAMETER 31 TYPE # IS A NUMBER WITH THE VALUE  31 
PARAMETER 32 TYPE $ IS A STRING WITH THE VALUE z
az= 99 
VARIANT
ARGC= 0 
az= 99 
VARIANT
ARGC= 0 
az= 99 
not in a FUNCTION or SUB, should be -1
ARGC=-1 
