TESTCASE # 1   E= 0           R= 0           X= 0 
               F= 0           N= 0 
*** TEST PASSED ***
TESTCASE # 2   E= 0           R= 1           X= 1 
               F= 0           N= 1 
*** TEST PASSED ***
TESTCASE # 3   E= 0           R=-1           X=-1 
               F= 0           N=-1 
*** TEST PASSED ***
TESTCASE # 4   E= 0           R= 0           X= .4 
               F= 0           N= 0 
*** TEST PASSED ***
TESTCASE # 5   E= 0           R= 0           X=-.4 
               F= 0           N= 0 
*** TEST PASSED ***
TESTCASE # 6   E= 0           R= 1           X= .6 
               F= 0           N= 1 
*** TEST PASSED ***
TESTCASE # 7   E= 0           R=-1           X=-.6 
               F= 0           N=-1 
*** TEST PASSED ***
TESTCASE # 8   E= 0           R= 254         X= 254 
               F= 0           N= 254 
*** TEST PASSED ***
TESTCASE # 9   E= 0           R= 255         X= 255 
               F= 0           N= 255 
*** TEST PASSED ***
TESTCASE # 10  E= 0           R= 256         X= 256 
               F= 0           N= 256 
*** TEST PASSED ***
TESTCASE # 11  E= 0           R= 32000       X= 32000 
               F= 0           N= 32000 
*** TEST PASSED ***
TESTCASE # 12  E= 0           R= 0           X=-.227229 
               F= 0           N= 0 
*** TEST PASSED ***
TESTCASE # 13  E= 0           R= 0           X=-.239157 
               F= 0           N= 0 
*** TEST PASSED ***
TESTCASE # 14  E= 0           R= 0           X=-.213586 
               F= 0           N= 0 
*** TEST PASSED ***
TESTCASE # 15  E= 0           R= 0           X= .274675 
               F= 0           N= 0 
*** TEST PASSED ***
TESTCASE # 16  E= 0           R= 0           X= .169766 
               F= 0           N= 0 
*** TEST PASSED ***
TESTCASE # 17  E= 0           R= 0           X= .318766 
               F= 0           N= 0 
*** TEST PASSED ***
TESTCASE # 18  E= 0           R= 0           X= 2.06658E-2 
               F= 0           N= 0 
*** TEST PASSED ***
TESTCASE # 19  E= 0           R= 0           X= .188257 
               F= 0           N= 0 
*** TEST PASSED ***
TESTCASE # 20  E= 0           R= 0           X=-.277537 
               F= 0           N= 0 
*** TEST PASSED ***
TESTCASE # 21  E= 0           R= 0           X=-.481303 
               F= 0           N= 0 
*** TEST PASSED ***
TESTCASE # 22  E= 0           R= 0           X= .43556 
               F= 0           N= 0 
*** TEST PASSED ***
TESTCASE # 23  E= 0           R= 0           X=-.210971 
               F= 0           N= 0 
*** TEST PASSED ***
TESTCASE # 24  E= 0           R= 0           X=-.455216 
               F= 0           N= 0 
*** TEST PASSED ***
TESTCASE # 25  E= 0           R=-111         X=-110.907 
               F= 0           N=-111 
*** TEST PASSED ***
TESTCASE # 26  E= 0           R= 106         X= 105.632 
               F= 0           N= 106 
*** TEST PASSED ***
TESTCASE # 27  E= 0           R=-114         X=-114.341 
               F= 0           N=-114 
*** TEST PASSED ***
TESTCASE # 28  E= 0           R= 110         X= 109.706 
               F= 0           N= 110 
*** TEST PASSED ***
TESTCASE # 29  E= 0           R= 109         X= 109.198 
               F= 0           N= 109 
*** TEST PASSED ***
TESTCASE # 30  E= 0           R= 86          X= 85.8773 
               F= 0           N= 86 
*** TEST PASSED ***
TESTCASE # 31  E= 0           R=-58          X=-58.3548 
               F= 0           N=-58 
*** TEST PASSED ***
TESTCASE # 32  E= 0           R= 30          X= 29.6397 
               F= 0           N= 30 
*** TEST PASSED ***
TESTCASE # 33  E= 0           R=-108         X=-108.36 
               F= 0           N=-108 
*** TEST PASSED ***
TESTCASE # 34  E= 0           R=-47          X=-46.5199 
               F= 0           N=-47 
*** TEST PASSED ***
TESTCASE # 35  E= 0           R= 113         X= 112.521 
               F= 0           N= 113 
*** TEST PASSED ***
TESTCASE # 36  E= 0           R= 45          X= 45.4151 
               F= 0           N= 45 
*** TEST PASSED ***
TESTCASE # 37  E= 0           R= 101         X= 101.129 
               F= 0           N= 101 
*** TEST PASSED ***
TESTCASE # 38  E= 0           R= 65          X= 65.0473 
               F= 0           N= 65 
*** TEST PASSED ***
TESTCASE # 39  E= 0           R= 48          X= 48.4012 
               F= 0           N= 48 
*** TEST PASSED ***
TESTCASE # 40  E= 0           R= 122         X= 122.294 
               F= 0           N= 122 
*** TEST PASSED ***
TESTCASE # 41  E= 0           R=-56          X=-56.1094 
               F= 0           N=-56 
*** TEST PASSED ***
TESTCASE # 42  E= 0           R=-121         X=-121.087 
               F= 0           N=-121 
*** TEST PASSED ***
TESTCASE # 43  E= 0           R=-124         X=-123.517 
               F= 0           N=-124 
*** TEST PASSED ***
TESTCASE # 44  E= 0           R=-98          X=-97.6301 
               F= 0           N=-98 
*** TEST PASSED ***
TESTCASE # 45  E= 0           R=-64          X=-64.0001 
               F= 0           N=-64 
*** TEST PASSED ***
TESTCASE # 46  E= 0           R=-26          X=-25.6888 
               F= 0           N=-26 
*** TEST PASSED ***
TESTCASE # 47  E= 0           R= 15          X= 14.8006 
               F= 0           N= 15 
*** TEST PASSED ***
TESTCASE # 48  E= 0           R=-61          X=-61.0877 
               F= 0           N=-61 
*** TEST PASSED ***
TESTCASE # 49  E= 0           R=-67          X=-66.6381 
               F= 0           N=-67 
*** TEST PASSED ***
TESTCASE # 50  E= 0           R=-5476        X=-5476.5 
               F= 0           N=-5476 
*** TEST PASSED ***
TESTCASE # 51  E= 0           R=-21210       X=-21210.3 
               F= 0           N=-21210 
*** TEST PASSED ***
TESTCASE # 52  E= 0           R=-28757       X=-28757.2 
               F= 0           N=-28757 
*** TEST PASSED ***
TESTCASE # 53  E= 0           R=-28732       X=-28732.2 
               F= 0           N=-28732 
*** TEST PASSED ***
TESTCASE # 54  E= 0           R= 12730       X= 12730.3 
               F= 0           N= 12730 
*** TEST PASSED ***
TESTCASE # 55  E= 0           R=-1831        X=-1830.69 
               F= 0           N=-1831 
*** TEST PASSED ***
TESTCASE # 56  E= 0           R= 5486        X= 5486.39 
               F= 0           N= 5486 
*** TEST PASSED ***
TESTCASE # 57  E= 0           R= 22406       X= 22405.9 
               F= 0           N= 22406 
*** TEST PASSED ***
TESTCASE # 58  E= 0           R= 30810       X= 30809.8 
               F= 0           N= 30810 
*** TEST PASSED ***
TESTCASE # 59  E= 0           R=-28931       X=-28930.6 
               F= 0           N=-28931 
*** TEST PASSED ***
TESTCASE # 60  E= 0           R=-6015        X=-6014.53 
               F= 0           N=-6015 
*** TEST PASSED ***
TESTCASE # 61  E= 0           R= 17415       X= 17414.6 
               F= 0           N= 17415 
*** TEST PASSED ***
TESTCASE # 62  E= 0           R=-10538       X=-10538.3 
               F= 0           N=-10538 
*** TEST PASSED ***
TESTCASE # 63  E= 0           R=-17536       X=-17536.3 
               F= 0           N=-17536 
*** TEST PASSED ***
TESTCASE # 64  E= 0           R=-8857        X=-8856.62 
               F= 0           N=-8857 
*** TEST PASSED ***
TESTCASE # 65  E= 0           R=-5140        X=-5140.12 
               F= 0           N=-5140 
*** TEST PASSED ***
TESTCASE # 66  E= 0           R=-8595        X=-8595.31 
               F= 0           N=-8595 
*** TEST PASSED ***
TESTCASE # 67  E= 0           R=-3383        X=-3382.87 
               F= 0           N=-3383 
*** TEST PASSED ***
TESTCASE # 68  E= 0           R=-5002        X=-5002.07 
               F= 0           N=-5002 
*** TEST PASSED ***
TESTCASE # 69  E= 0           R=-5801        X=-5800.72 
               F= 0           N=-5801 
*** TEST PASSED ***
TESTCASE # 70  E= 0           R= 29686       X= 29686.4 
               F= 0           N= 29686 
*** TEST PASSED ***
TESTCASE # 71  E= 0           R= 2571        X= 2571 
               F= 0           N= 2571 
*** TEST PASSED ***
TESTCASE # 72  E= 0           R= 31091       X= 31091 
               F= 0           N= 31091 
*** TEST PASSED ***
TESTCASE # 73  E= 0           R= 14819       X= 14819 
               F= 0           N= 14819 
*** TEST PASSED ***
TESTCASE # 74  E= 0           R= 3791        X= 3790.9 
               F= 0           N= 3791 
*** TEST PASSED ***
TESTCASE # 75  E= 1           R= 0           X=-4.2981E+9 
               F= 1           N= 0 
*** TEST PASSED ***
TESTCASE # 76  E= 0           R=-7.05453E+8  X=-7.05453E+8 
               F= 0           N=-7.05453E+8 
*** TEST PASSED ***
TESTCASE # 77  E= 1           R= 0           X=-3.10179E+9 
               F= 1           N= 0 
*** TEST PASSED ***
TESTCASE # 78  E= 1           R= 0           X=-4.86159E+9 
               F= 1           N= 0 
*** TEST PASSED ***
TESTCASE # 79  E= 0           R=-8.62908E+8  X=-8.62908E+8 
               F= 0           N=-8.62908E+8 
*** TEST PASSED ***
TESTCASE # 80  E= 1           R= 0           X=-3.4101E+9 
               F= 1           N= 0 
*** TEST PASSED ***
TESTCASE # 81  E= 1           R= 0           X= 3.3889E+9 
               F= 1           N= 0 
*** TEST PASSED ***
TESTCASE # 82  E= 1           R= 0           X= 2.49826E+9 
               F= 1           N= 0 
*** TEST PASSED ***
TESTCASE # 83  E= 1           R= 0           X= 2.3491E+9 
               F= 1           N= 0 
*** TEST PASSED ***
TESTCASE # 84  E= 0           R= 1.94745E+8  X= 1.94745E+8 
               F= 0           N= 1.94745E+8 
*** TEST PASSED ***
TESTCASE # 85  E= 0           R= 2.02475E+9  X= 2.02475E+9 
               F= 0           N= 2.02475E+9 
*** TEST PASSED ***
TESTCASE # 86  E= 1           R= 0           X=-2.26748E+9 
               F= 1           N= 0 
*** TEST PASSED ***
TESTCASE # 87  E= 0           R=-2.10587E+9  X=-2.10587E+9 
               F= 0           N=-2.10587E+9 
*** TEST PASSED ***
TESTCASE # 88  E= 1           R= 0           X= 4.23585E+9 
               F= 1           N= 0 
*** TEST PASSED ***
TESTCASE # 89  E= 1           R= 0           X=-2.66524E+9 
               F= 1           N= 0 
*** TEST PASSED ***
TESTCASE # 90  E= 1           R= 0           X= 4.01052E+9 
               F= 1           N= 0 
*** TEST PASSED ***
TESTCASE # 91  E= 1           R= 0           X=-4.87912E+9 
               F= 1           N= 0 
*** TEST PASSED ***
TESTCASE # 92  E= 0           R= 1.77556E+9  X= 1.77556E+9 
               F= 0           N= 1.77556E+9 
*** TEST PASSED ***
TESTCASE # 93  E= 0           R= 2.87705E+8  X= 2.87705E+8 
               F= 0           N= 2.87705E+8 
*** TEST PASSED ***
TESTCASE # 94  E= 0           R= 1.99977E+8  X= 1.99977E+8 
               F= 0           N= 1.99977E+8 
*** TEST PASSED ***
TESTCASE # 95  E= 1           R= 0           X=-3.39941E+9 
               F= 1           N= 0 
*** TEST PASSED ***
TESTCASE # 96  E= 1           R= 0           X=-3.49119E+9 
               F= 1           N= 0 
*** TEST PASSED ***
TESTCASE # 97  E= 1           R= 0           X=-2.86324E+9 
               F= 1           N= 0 
*** TEST PASSED ***
TESTCASE # 98  E= 1           R= 0           X= 4.20418E+9 
               F= 1           N= 0 
*** TEST PASSED ***
TESTCASE # 99  E= 1           R= 0           X=-3.1518E+9 
               F= 1           N= 0 
*** TEST PASSED ***
TESTCASE # 100                E= 1           R= 0           X= 4.60615E+9 
               F= 1           N= 0 
*** TEST PASSED ***
*** ALL TESTS PASSED ***
