TESTCASE # 1   E= 1           R= 0           X= 0 
               F= 1           N= 0 
*** TEST PASSED ***
TESTCASE # 2   E= 0           R= 1.1884      X= 1 
               F= 0           N= 1.1884 
*** TEST PASSED ***
TESTCASE # 3   E= 0           R=-1.1884      X=-1 
               F= 0           N=-1.1884 
*** TEST PASSED ***
TESTCASE # 4   E= 0           R= 2.56793     X= .4 
               F= 0           N= 2.56793 
*** TEST PASSED ***
TESTCASE # 5   E= 0           R=-2.56793     X=-.4 
               F= 0           N=-2.56793 
*** TEST PASSED ***
TESTCASE # 6   E= 0           R= 1.77103     X= .6 
               F= 0           N= 1.77103 
*** TEST PASSED ***
TESTCASE # 7   E= 0           R=-1.77103     X=-.6 
               F= 0           N=-1.77103 
*** TEST PASSED ***
TESTCASE # 8   E= 0           R= 2.21239     X= 254 
               F= 0           N= 2.21239 
*** TEST PASSED ***
TESTCASE # 9   E= 0           R=-1.97476     X= 255 
               F= 0           N=-1.97476 
*** TEST PASSED ***
TESTCASE # 10  E= 0           R=-1.00079     X= 256 
               F= 0           N=-1.00079 
*** TEST PASSED ***
TESTCASE # 11  E= 0           R=-3.84977     X= 32000 
               F= 0           N=-3.84977 
*** TEST PASSED ***
TESTCASE # 12  E= 0           R=-4.43895     X=-.227229 
               F= 0           N=-4.43895 
*** TEST PASSED ***
TESTCASE # 13  E= 0           R=-4.22148     X=-.239157 
               F= 0           N=-4.22148 
*** TEST PASSED ***
TESTCASE # 14  E= 0           R=-4.71774     X=-.213586 
               F= 0           N=-4.71774 
*** TEST PASSED ***
TESTCASE # 15  E= 0           R= 3.68685     X= .274675 
               F= 0           N= 3.68685 
*** TEST PASSED ***
TESTCASE # 16  E= 0           R= 5.91885     X= .169766 
               F= 0           N= 5.91885 
*** TEST PASSED ***
TESTCASE # 17  E= 0           R= 3.19086     X= .318766 
               F= 0           N= 3.19086 
*** TEST PASSED ***
TESTCASE # 18  E= 0           R= 48.3926     X= 2.06658E-2 
               F= 0           N= 48.3926 
*** TEST PASSED ***
TESTCASE # 19  E= 0           R= 5.34339     X= .188257 
               F= 0           N= 5.34339 
*** TEST PASSED ***
TESTCASE # 20  E= 0           R=-3.6498      X=-.277537 
               F= 0           N=-3.6498 
*** TEST PASSED ***
TESTCASE # 21  E= 0           R=-2.16013     X=-.481303 
               F= 0           N=-2.16013 
*** TEST PASSED ***
TESTCASE # 22  E= 0           R= 2.37013     X= .43556 
               F= 0           N= 2.37013 
*** TEST PASSED ***
TESTCASE # 23  E= 0           R=-4.77533     X=-.210971 
               F= 0           N=-4.77533 
*** TEST PASSED ***
TESTCASE # 24  E= 0           R=-2.2745      X=-.455216 
               F= 0           N=-2.2745 
*** TEST PASSED ***
TESTCASE # 25  E= 0           R= 1.22828     X=-110.907 
               F= 0           N= 1.22828 
*** TEST PASSED ***
TESTCASE # 26  E= 0           R=-1.08059     X= 105.632 
               F= 0           N=-1.08059 
*** TEST PASSED ***
TESTCASE # 27  E= 0           R=-1.056       X=-114.341 
               F= 0           N=-1.056 
*** TEST PASSED ***
TESTCASE # 28  E= 0           R= 4.04605     X= 109.706 
               F= 0           N= 4.04605 
*** TEST PASSED ***
TESTCASE # 29  E= 0           R= 1.455       X= 109.198 
               F= 0           N= 1.455 
*** TEST PASSED ***
TESTCASE # 30  E= 0           R=-1.15001     X= 85.8773 
               F= 0           N=-1.15001 
*** TEST PASSED ***
TESTCASE # 31  E= 0           R=-1.02835     X=-58.3548 
               F= 0           N=-1.02835 
*** TEST PASSED ***
TESTCASE # 32  E= 0           R=-1.02148     X= 29.6397 
               F= 0           N=-1.02148 
*** TEST PASSED ***
TESTCASE # 33  E= 0           R=-1.00031     X=-108.36 
               F= 0           N=-1.00031 
*** TEST PASSED ***
TESTCASE # 34  E= 0           R=-1.76078     X=-46.5199 
               F= 0           N=-1.76078 
*** TEST PASSED ***
TESTCASE # 35  E= 0           R=-1.83501     X= 112.521 
               F= 0           N=-1.83501 
*** TEST PASSED ***
TESTCASE # 36  E= 0           R= 1.0096      X= 45.4151 
               F= 0           N= 1.0096 
*** TEST PASSED ***
TESTCASE # 37  E= 0           R= 1.77614     X= 101.129 
               F= 0           N= 1.77614 
*** TEST PASSED ***
TESTCASE # 38  E= 0           R= 1.25108     X= 65.0473 
               F= 0           N= 1.25108 
*** TEST PASSED ***
TESTCASE # 39  E= 0           R=-1.04467     X= 48.4012 
               F= 0           N=-1.04467 
*** TEST PASSED ***
TESTCASE # 40  E= 0           R= 4.42203     X= 122.294 
               F= 0           N= 4.42203 
*** TEST PASSED ***
TESTCASE # 41  E= 0           R= 2.35141     X=-56.1094 
               F= 0           N= 2.35141 
*** TEST PASSED ***
TESTCASE # 42  E= 0           R=-1.00928     X=-121.087 
               F= 0           N=-1.00928 
*** TEST PASSED ***
TESTCASE # 43  E= 0           R= 1.19233     X=-123.517 
               F= 0           N= 1.19233 
*** TEST PASSED ***
TESTCASE # 44  E= 0           R= 4.19446     X=-97.6301 
               F= 0           N= 4.19446 
*** TEST PASSED ***
TESTCASE # 45  E= 0           R=-1.08688     X=-64.0001 
               F= 0           N=-1.08688 
*** TEST PASSED ***
TESTCASE # 46  E= 0           R=-1.8945      X=-25.6888 
               F= 0           N=-1.8945 
*** TEST PASSED ***
TESTCASE # 47  E= 0           R= 1.26922     X= 14.8006 
               F= 0           N= 1.26922 
*** TEST PASSED ***
TESTCASE # 48  E= 0           R= 1.01522     X=-61.0877 
               F= 0           N= 1.01522 
*** TEST PASSED ***
TESTCASE # 49  E= 0           R= 1.62131     X=-66.6381 
               F= 0           N= 1.62131 
*** TEST PASSED ***
TESTCASE # 50  E= 0           R= 1.54494     X=-5476.5 
               F= 0           N= 1.54494 
*** TEST PASSED ***
TESTCASE # 51  E= 0           R= 1.0134      X=-21210.3 
               F= 0           N= 1.0134 
*** TEST PASSED ***
TESTCASE # 52  E= 0           R= 1.23907     X=-28757.2 
               F= 0           N= 1.23907 
*** TEST PASSED ***
TESTCASE # 53  E= 0           R= 1.38541     X=-28732.2 
               F= 0           N= 1.38541 
*** TEST PASSED ***
TESTCASE # 54  E= 0           R= 1.8631      X= 12730.3 
               F= 0           N= 1.8631 
*** TEST PASSED ***
TESTCASE # 55  E= 0           R=-1.32122     X=-1830.69 
               F= 0           N=-1.32122 
*** TEST PASSED ***
TESTCASE # 56  E= 0           R= 1.08643     X= 5486.39 
               F= 0           N= 1.08643 
*** TEST PASSED ***
TESTCASE # 57  E= 0           R= 16.3515     X= 22405.9 
               F= 0           N= 16.3515 
*** TEST PASSED ***
TESTCASE # 58  E= 0           R=-5.01257     X= 30809.8 
               F= 0           N=-5.01257 
*** TEST PASSED ***
TESTCASE # 59  E= 0           R=-3.11562     X=-28930.6 
               F= 0           N=-3.11562 
*** TEST PASSED ***
TESTCASE # 60  E= 0           R=-1.00121     X=-6014.53 
               F= 0           N=-1.00121 
*** TEST PASSED ***
TESTCASE # 61  E= 0           R=-1.46404     X= 17414.6 
               F= 0           N=-1.46404 
*** TEST PASSED ***
TESTCASE # 62  E= 0           R=-1.01507     X=-10538.3 
               F= 0           N=-1.01507 
*** TEST PASSED ***
TESTCASE # 63  E= 0           R= 14.2583     X=-17536.3 
               F= 0           N= 14.2583 
*** TEST PASSED ***
TESTCASE # 64  E= 0           R= 2.20672     X=-8856.62 
               F= 0           N= 2.20672 
*** TEST PASSED ***
TESTCASE # 65  E= 0           R=-2.18904     X=-5140.12 
               F= 0           N=-2.18904 
*** TEST PASSED ***
TESTCASE # 66  E= 0           R= 11.4431     X=-8595.31 
               F= 0           N= 11.4431 
*** TEST PASSED ***
TESTCASE # 67  E= 0           R=-1.70844     X=-3382.87 
               F= 0           N=-1.70844 
*** TEST PASSED ***
TESTCASE # 68  E= 0           R=-1.64269     X=-5002.07 
               F= 0           N=-1.64269 
*** TEST PASSED ***
TESTCASE # 69  E= 0           R=-1.02725     X=-5800.72 
               F= 0           N=-1.02725 
*** TEST PASSED ***
TESTCASE # 70  E= 0           R=-1.00319     X= 29686.4 
               F= 0           N=-1.00319 
*** TEST PASSED ***
TESTCASE # 71  E= 0           R= 1.08279     X= 2571 
               F= 0           N= 1.08279 
*** TEST PASSED ***
TESTCASE # 72  E= 0           R= 1.02664     X= 31091 
               F= 0           N= 1.02664 
*** TEST PASSED ***
TESTCASE # 73  E= 0           R=-9.32433     X= 14819 
               F= 0           N=-9.32433 
*** TEST PASSED ***
TESTCASE # 74  E= 0           R= 1.18662     X= 3790.9 
               F= 0           N= 1.18662 
*** TEST PASSED ***
TESTCASE # 75  E= 0           R= 1.75127     X=-4.2981E+9 
               F= 0           N= 1.75127 
*** TEST PASSED ***
TESTCASE # 76  E= 0           R=-2.38025     X=-7.05453E+8 
               F= 0           N=-2.38025 
*** TEST PASSED ***
TESTCASE # 77  E= 0           R= 2.44743     X=-3.10179E+9 
               F= 0           N= 2.44743 
*** TEST PASSED ***
TESTCASE # 78  E= 0           R= 1.02633     X=-4.86159E+9 
               F= 0           N= 1.02633 
*** TEST PASSED ***
TESTCASE # 79  E= 0           R= 1.34405     X=-8.62908E+8 
               F= 0           N= 1.34405 
*** TEST PASSED ***
TESTCASE # 80  E= 0           R=-2.61997     X=-3.4101E+9 
               F= 0           N=-2.61997 
*** TEST PASSED ***
TESTCASE # 81  E= 0           R=-1.27102     X= 3.3889E+9 
               F= 0           N=-1.27102 
*** TEST PASSED ***
TESTCASE # 82  E= 0           R= 1.38197     X= 2.49826E+9 
               F= 0           N= 1.38197 
*** TEST PASSED ***
TESTCASE # 83  E= 0           R=-1.09619     X= 2.3491E+9 
               F= 0           N=-1.09619 
*** TEST PASSED ***
TESTCASE # 84  E= 0           R= 1.59852     X= 1.94745E+8 
               F= 0           N= 1.59852 
*** TEST PASSED ***
TESTCASE # 85  E= 0           R= 6.31355     X= 2.02475E+9 
               F= 0           N= 6.31355 
*** TEST PASSED ***
TESTCASE # 86  E= 0           R=-1.31165     X=-2.26748E+9 
               F= 0           N=-1.31165 
*** TEST PASSED ***
TESTCASE # 87  E= 0           R=-17.8326     X=-2.10587E+9 
               F= 0           N=-17.8326 
*** TEST PASSED ***
TESTCASE # 88  E= 0           R=-1.06092     X= 4.23585E+9 
               F= 0           N=-1.06092 
*** TEST PASSED ***
TESTCASE # 89  E= 0           R= 6.0922      X=-2.66524E+9 
               F= 0           N= 6.0922 
*** TEST PASSED ***
TESTCASE # 90  E= 0           R= 1.36305     X= 4.01052E+9 
               F= 0           N= 1.36305 
*** TEST PASSED ***
TESTCASE # 91  E= 0           R= 2.65459     X=-4.87912E+9 
               F= 0           N= 2.65459 
*** TEST PASSED ***
TESTCASE # 92  E= 0           R=-1.00077     X= 1.77556E+9 
               F= 0           N=-1.00077 
*** TEST PASSED ***
TESTCASE # 93  E= 0           R=-1.7353      X= 2.87705E+8 
               F= 0           N=-1.7353 
*** TEST PASSED ***
TESTCASE # 94  E= 0           R= 2.96831     X= 1.99977E+8 
               F= 0           N= 2.96831 
*** TEST PASSED ***
TESTCASE # 95  E= 0           R=-1.76251     X=-3.39941E+9 
               F= 0           N=-1.76251 
*** TEST PASSED ***
TESTCASE # 96  E= 0           R= 1.01053     X=-3.49119E+9 
               F= 0           N= 1.01053 
*** TEST PASSED ***
TESTCASE # 97  E= 0           R=-1.00141     X=-2.86324E+9 
               F= 0           N=-1.00141 
*** TEST PASSED ***
TESTCASE # 98  E= 0           R=-1.24706     X= 4.20418E+9 
               F= 0           N=-1.24706 
*** TEST PASSED ***
TESTCASE # 99  E= 0           R= 1.31838     X=-3.1518E+9 
               F= 0           N= 1.31838 
*** TEST PASSED ***
TESTCASE # 100                E= 0           R= 1.43479     X= 4.60615E+9 
               F= 0           N= 1.43479 
*** TEST PASSED ***
*** ALL TESTS PASSED ***
