TESTCASE # 1   E= 1           R= 0           A$=[]
               F= 1           N= 0 
*** TEST PASSED ***
TESTCASE # 2   E= 1           R= 0           A$=[ ]
               F= 1           N= 0 
*** TEST PASSED ***
TESTCASE # 3   E= 1           R= 0           A$=[3]
               F= 1           N= 0 
*** TEST PASSED ***
TESTCASE # 4   E= 1           R= 0           A$=[z]
               F= 1           N= 0 
*** TEST PASSED ***
TESTCASE # 5   E= 0           R= 8224        A$=[  ]
               F= 0           N= 8224 
*** TEST PASSED ***
TESTCASE # 6   E= 0           R= 13088       A$=[ 3]
               F= 0           N= 13088 
*** TEST PASSED ***
TESTCASE # 7   E= 0           R= 31264       A$=[ z]
               F= 0           N= 31264 
*** TEST PASSED ***
TESTCASE # 8   E= 0           R= 8243        A$=[3 ]
               F= 0           N= 8243 
*** TEST PASSED ***
TESTCASE # 9   E= 0           R= 8314        A$=[z ]
               F= 0           N= 8314 
*** TEST PASSED ***
TESTCASE # 10  E= 0           R= 13088       A$=[ 3 ]
               F= 0           N= 13088 
*** TEST PASSED ***
TESTCASE # 11  E= 0           R= 31264       A$=[ z ]
               F= 0           N= 31264 
*** TEST PASSED ***
TESTCASE # 12  E= 0           R= 19488       A$=[ LLLL]
               F= 0           N= 19488 
*** TEST PASSED ***
TESTCASE # 13  E= 0           R= 8224        A$=[    ''    ]
               F= 0           N= 8224 
*** TEST PASSED ***
TESTCASE # 14  E= 0           R= 8224        A$=[   oo     ]
               F= 0           N= 8224 
*** TEST PASSED ***
TESTCASE # 15  E= 0           R= 12320       A$=[ 00  ]
               F= 0           N= 12320 
*** TEST PASSED ***
TESTCASE # 16  E= 0           R= 8224        A$=[   \\\\  ]
               F= 0           N= 8224 
*** TEST PASSED ***
TESTCASE # 17  E= 0           R= 27680       A$=[ lllll  ]
               F= 0           N= 27680 
*** TEST PASSED ***
TESTCASE # 18  E= 0           R= 8224        A$=[    uuuu  ]
               F= 0           N= 8224 
*** TEST PASSED ***
TESTCASE # 19  E= 0           R= 8224        A$=[  a  ]
               F= 0           N= 8224 
*** TEST PASSED ***
TESTCASE # 20  E= 0           R= 8224        A$=[       ]
               F= 0           N= 8224 
*** TEST PASSED ***
TESTCASE # 21  E= 0           R= 26656       A$=[ hh     ]
               F= 0           N= 26656 
*** TEST PASSED ***
TESTCASE # 22  E= 0           R= 8224        A$=[  h   ]
               F= 0           N= 8224 
*** TEST PASSED ***
TESTCASE # 23  E= 0           R= 10528       A$=[ )]
               F= 0           N= 10528 
*** TEST PASSED ***
TESTCASE # 24  E= 0           R= 8224        A$=[    5   ]
               F= 0           N= 8224 
*** TEST PASSED ***
TESTCASE # 25  E= 0           R= 8224        A$=[  2 ]
               F= 0           N= 8224 
*** TEST PASSED ***
TESTCASE # 26  E= 0           R= 11552       A$=[ -   ]
               F= 0           N= 11552 
*** TEST PASSED ***
TESTCASE # 27  E= 0           R= 25700       A$=[dd ]
               F= 0           N= 25700 
*** TEST PASSED ***
TESTCASE # 28  E= 0           R= 8224        A$=[  tttt   ]
               F= 0           N= 8224 
*** TEST PASSED ***
TESTCASE # 29  E= 0           R= 8224        A$=[  ::::   ]
               F= 0           N= 8224 
*** TEST PASSED ***
TESTCASE # 30  E= 0           R= 8224        A$=[   ___   ]
               F= 0           N= 8224 
*** TEST PASSED ***
TESTCASE # 31  E= 0           R= 8224        A$=[     ]
               F= 0           N= 8224 
*** TEST PASSED ***
TESTCASE # 32  E= 0           R= 8224        A$=[       ]
               F= 0           N= 8224 
*** TEST PASSED ***
TESTCASE # 33  E= 0           R= 24352       A$=[ _____  ]
               F= 0           N= 24352 
*** TEST PASSED ***
TESTCASE # 34  E= 0           R= 21280       A$=[ S ]
               F= 0           N= 21280 
*** TEST PASSED ***
TESTCASE # 35  E= 0           R= 8224        A$=[  FFFF ]
               F= 0           N= 8224 
*** TEST PASSED ***
TESTCASE # 36  E= 0           R= 8224        A$=[    kkk]
               F= 0           N= 8224 
*** TEST PASSED ***
TESTCASE # 37  E= 0           R= 8224        A$=[    NNNN  ]
               F= 0           N= 8224 
*** TEST PASSED ***
TESTCASE # 38  E= 0           R= 8224        A$=[   mmmm  ]
               F= 0           N= 8224 
*** TEST PASSED ***
TESTCASE # 39  E= 0           R= 8224        A$=[    ,,,,, ]
               F= 0           N= 8224 
*** TEST PASSED ***
TESTCASE # 40  E= 0           R= 20303       A$=[OO   ]
               F= 0           N= 20303 
*** TEST PASSED ***
TESTCASE # 41  E= 0           R= 8224        A$=[   HHHH  ]
               F= 0           N= 8224 
*** TEST PASSED ***
TESTCASE # 42  E= 0           R= 15392       A$=[ < ]
               F= 0           N= 15392 
*** TEST PASSED ***
TESTCASE # 43  E= 0           R= 8224        A$=[   j    ]
               F= 0           N= 8224 
*** TEST PASSED ***
TESTCASE # 44  E= 0           R= 8224        A$=[    yyyy    ]
               F= 0           N= 8224 
*** TEST PASSED ***
TESTCASE # 45  E= 0           R= 8224        A$=[  +++ ]
               F= 0           N= 8224 
*** TEST PASSED ***
TESTCASE # 46  E= 0           R= 8303        A$=[o  ]
               F= 0           N= 8303 
*** TEST PASSED ***
TESTCASE # 47  E= 0           R= 8224        A$=[    ((]
               F= 0           N= 8224 
*** TEST PASSED ***
TESTCASE # 48  E= 0           R= 8224        A$=[     uu     ]
               F= 0           N= 8224 
*** TEST PASSED ***
TESTCASE # 49  E= 0           R= 8224        A$=[    00     ]
               F= 0           N= 8224 
*** TEST PASSED ***
TESTCASE # 50  E= 0           R= 8224        A$=[     HH  ]
               F= 0           N= 8224 
*** TEST PASSED ***
TESTCASE # 51  E= 0           R= 8224        A$=[     ]
               F= 0           N= 8224 
*** TEST PASSED ***
TESTCASE # 52  E= 0           R= 8224        A$=[  G   ]
               F= 0           N= 8224 
*** TEST PASSED ***
TESTCASE # 53  E= 0           R= 8224        A$=[    {{{{ ]
               F= 0           N= 8224 
*** TEST PASSED ***
TESTCASE # 54  E= 0           R= 8224        A$=[    ]]]     ]
               F= 0           N= 8224 
*** TEST PASSED ***
TESTCASE # 55  E= 0           R= 17219       A$=[CCC]
               F= 0           N= 17219 
*** TEST PASSED ***
TESTCASE # 56  E= 0           R= 8224        A$=[     44  ]
               F= 0           N= 8224 
*** TEST PASSED ***
TESTCASE # 57  E= 0           R= 24158       A$=[^^  ]
               F= 0           N= 24158 
*** TEST PASSED ***
TESTCASE # 58  E= 0           R= 8224        A$=[    QQ    ]
               F= 0           N= 8224 
*** TEST PASSED ***
TESTCASE # 59  E= 0           R= 8224        A$=[     FFFF  ]
               F= 0           N= 8224 
*** TEST PASSED ***
TESTCASE # 60  E= 0           R= 28192       A$=[ n   ]
               F= 0           N= 28192 
*** TEST PASSED ***
TESTCASE # 61  E= 0           R= 8224        A$=[    hh  ]
               F= 0           N= 8224 
*** TEST PASSED ***
TESTCASE # 62  E= 0           R= 13621       A$=[555    ]
               F= 0           N= 13621 
*** TEST PASSED ***
TESTCASE # 63  E= 0           R= 8224        A$=[    YYYY ]
               F= 0           N= 8224 
*** TEST PASSED ***
TESTCASE # 64  E= 0           R= 8224        A$=[    w     ]
               F= 0           N= 8224 
*** TEST PASSED ***
TESTCASE # 65  E= 0           R= 19789       A$=[MMMM ]
               F= 0           N= 19789 
*** TEST PASSED ***
TESTCASE # 66  E= 0           R= 18976       A$=[ JJJJ    ]
               F= 0           N= 18976 
*** TEST PASSED ***
TESTCASE # 67  E= 0           R= 8224        A$=[    %%    ]
               F= 0           N= 8224 
*** TEST PASSED ***
TESTCASE # 68  E= 0           R= 8224        A$=[     *  ]
               F= 0           N= 8224 
*** TEST PASSED ***
TESTCASE # 69  E= 0           R= 8224        A$=[    @@@   ]
               F= 0           N= 8224 
*** TEST PASSED ***
TESTCASE # 70  E= 0           R= 8265        A$=[I ]
               F= 0           N= 8265 
*** TEST PASSED ***
TESTCASE # 71  E= 0           R= 8224        A$=[    ss  ]
               F= 0           N= 8224 
*** TEST PASSED ***
TESTCASE # 72  E= 0           R= 8224        A$=[  f ]
               F= 0           N= 8224 
*** TEST PASSED ***
TESTCASE # 73  E= 0           R= 8224        A$=[   D  ]
               F= 0           N= 8224 
*** TEST PASSED ***
TESTCASE # 74  E= 0           R= 8995        A$=[###    ]
               F= 0           N= 8995 
*** TEST PASSED ***
TESTCASE # 75  E= 0           R= 8224        A$=[    '     ]
               F= 0           N= 8224 
*** TEST PASSED ***
TESTCASE # 76  E= 0           R= 8224        A$=[  dd    ]
               F= 0           N= 8224 
*** TEST PASSED ***
TESTCASE # 77  E= 0           R= 21536       A$=[ TT    ]
               F= 0           N= 21536 
*** TEST PASSED ***
TESTCASE # 78  E= 0           R= 8224        A$=[  vvv ]
               F= 0           N= 8224 
*** TEST PASSED ***
TESTCASE # 79  E= 0           R= 8224        A$=[    X ]
               F= 0           N= 8224 
*** TEST PASSED ***
TESTCASE # 80  E= 0           R= 8224        A$=[    %   ]
               F= 0           N= 8224 
*** TEST PASSED ***
TESTCASE # 81  E= 0           R= 8224        A$=[  ]
               F= 0           N= 8224 
*** TEST PASSED ***
TESTCASE # 82  E= 0           R= 13600       A$=[ 5555   ]
               F= 0           N= 13600 
*** TEST PASSED ***
TESTCASE # 83  E= 0           R= 17990       A$=[FFFF   ]
               F= 0           N= 17990 
*** TEST PASSED ***
TESTCASE # 84  E= 0           R= 8224        A$=[     %%  ]
               F= 0           N= 8224 
*** TEST PASSED ***
TESTCASE # 85  E= 0           R= 8224        A$=[     ]
               F= 0           N= 8224 
*** TEST PASSED ***
TESTCASE # 86  E= 0           R= 8224        A$=[  ~~~~    ]
               F= 0           N= 8224 
*** TEST PASSED ***
TESTCASE # 87  E= 0           R= 8224        A$=[   ||    ]
               F= 0           N= 8224 
*** TEST PASSED ***
TESTCASE # 88  E= 0           R= 8224        A$=[     SSS     ]
               F= 0           N= 8224 
*** TEST PASSED ***
TESTCASE # 89  E= 0           R= 8224        A$=[   6666 ]
               F= 0           N= 8224 
*** TEST PASSED ***
TESTCASE # 90  E= 0           R= 8224        A$=[    ww   ]
               F= 0           N= 8224 
*** TEST PASSED ***
TESTCASE # 91  E= 0           R= 8224        A$=[  1111   ]
               F= 0           N= 8224 
*** TEST PASSED ***
TESTCASE # 92  E= 0           R= 19232       A$=[ K ]
               F= 0           N= 19232 
*** TEST PASSED ***
TESTCASE # 93  E= 0           R= 8224        A$=[  ttttt ]
               F= 0           N= 8224 
*** TEST PASSED ***
TESTCASE # 94  E= 0           R= 20256       A$=[ OOOOO   ]
               F= 0           N= 20256 
*** TEST PASSED ***
TESTCASE # 95  E= 0           R= 17696       A$=[ E  ]
               F= 0           N= 17696 
*** TEST PASSED ***
TESTCASE # 96  E= 0           R= 20512       A$=[ PPPPP   ]
               F= 0           N= 20512 
*** TEST PASSED ***
TESTCASE # 97  E= 0           R= 8224        A$=[    == ]
               F= 0           N= 8224 
*** TEST PASSED ***
TESTCASE # 98  E= 0           R= 22048       A$=[ VVVV    ]
               F= 0           N= 22048 
*** TEST PASSED ***
TESTCASE # 99  E= 0           R= 25376       A$=[ c   ]
               F= 0           N= 25376 
*** TEST PASSED ***
TESTCASE # 100                E= 0           R= 8224        A$=[    yyyy     ]
               F= 0           N= 8224 
*** TEST PASSED ***
*** ALL TESTS PASSED ***
