TESTCASE # 1   E= 0           R$=[0]         X= 0 
               F= 0           S$=[0]
*** TEST PASSED ***
TESTCASE # 2   E= 0           R$=[1]         X= 1 
               F= 0           S$=[1]
*** TEST PASSED ***
TESTCASE # 3   E= 0           R$=[FFFFFFFF]  X=-1 
               F= 0           S$=[FFFFFFFF]
*** TEST PASSED ***
TESTCASE # 4   E= 0           R$=[0]         X= .4 
               F= 0           S$=[0]
*** TEST PASSED ***
TESTCASE # 5   E= 0           R$=[0]         X=-.4 
               F= 0           S$=[0]
*** TEST PASSED ***
TESTCASE # 6   E= 0           R$=[1]         X= .6 
               F= 0           S$=[1]
*** TEST PASSED ***
TESTCASE # 7   E= 0           R$=[FFFFFFFF]  X=-.6 
               F= 0           S$=[FFFFFFFF]
*** TEST PASSED ***
TESTCASE # 8   E= 0           R$=[FE]        X= 254 
               F= 0           S$=[FE]
*** TEST PASSED ***
TESTCASE # 9   E= 0           R$=[FF]        X= 255 
               F= 0           S$=[FF]
*** TEST PASSED ***
TESTCASE # 10  E= 0           R$=[100]       X= 256 
               F= 0           S$=[100]
*** TEST PASSED ***
TESTCASE # 11  E= 0           R$=[7D00]      X= 32000 
               F= 0           S$=[7D00]
*** TEST PASSED ***
TESTCASE # 12  E= 0           R$=[0]         X=-.227229 
               F= 0           S$=[0]
*** TEST PASSED ***
TESTCASE # 13  E= 0           R$=[0]         X=-.239157 
               F= 0           S$=[0]
*** TEST PASSED ***
TESTCASE # 14  E= 0           R$=[0]         X=-.213586 
               F= 0           S$=[0]
*** TEST PASSED ***
TESTCASE # 15  E= 0           R$=[0]         X= .274675 
               F= 0           S$=[0]
*** TEST PASSED ***
TESTCASE # 16  E= 0           R$=[0]         X= .169766 
               F= 0           S$=[0]
*** TEST PASSED ***
TESTCASE # 17  E= 0           R$=[0]         X= .318766 
               F= 0           S$=[0]
*** TEST PASSED ***
TESTCASE # 18  E= 0           R$=[0]         X= 2.06658E-2 
               F= 0           S$=[0]
*** TEST PASSED ***
TESTCASE # 19  E= 0           R$=[0]         X= .188257 
               F= 0           S$=[0]
*** TEST PASSED ***
TESTCASE # 20  E= 0           R$=[0]         X=-.277537 
               F= 0           S$=[0]
*** TEST PASSED ***
TESTCASE # 21  E= 0           R$=[0]         X=-.481303 
               F= 0           S$=[0]
*** TEST PASSED ***
TESTCASE # 22  E= 0           R$=[0]         X= .43556 
               F= 0           S$=[0]
*** TEST PASSED ***
TESTCASE # 23  E= 0           R$=[0]         X=-.210971 
               F= 0           S$=[0]
*** TEST PASSED ***
TESTCASE # 24  E= 0           R$=[0]         X=-.455216 
               F= 0           S$=[0]
*** TEST PASSED ***
TESTCASE # 25  E= 0           R$=[FFFFFF91]  X=-110.907 
               F= 0           S$=[FFFFFF91]
*** TEST PASSED ***
TESTCASE # 26  E= 0           R$=[6A]        X= 105.632 
               F= 0           S$=[6A]
*** TEST PASSED ***
TESTCASE # 27  E= 0           R$=[FFFFFF8E]  X=-114.341 
               F= 0           S$=[FFFFFF8E]
*** TEST PASSED ***
TESTCASE # 28  E= 0           R$=[6E]        X= 109.706 
               F= 0           S$=[6E]
*** TEST PASSED ***
TESTCASE # 29  E= 0           R$=[6D]        X= 109.198 
               F= 0           S$=[6D]
*** TEST PASSED ***
TESTCASE # 30  E= 0           R$=[56]        X= 85.8773 
               F= 0           S$=[56]
*** TEST PASSED ***
TESTCASE # 31  E= 0           R$=[FFFFFFC6]  X=-58.3548 
               F= 0           S$=[FFFFFFC6]
*** TEST PASSED ***
TESTCASE # 32  E= 0           R$=[1E]        X= 29.6397 
               F= 0           S$=[1E]
*** TEST PASSED ***
TESTCASE # 33  E= 0           R$=[FFFFFF94]  X=-108.36 
               F= 0           S$=[FFFFFF94]
*** TEST PASSED ***
TESTCASE # 34  E= 0           R$=[FFFFFFD1]  X=-46.5199 
               F= 0           S$=[FFFFFFD1]
*** TEST PASSED ***
TESTCASE # 35  E= 0           R$=[71]        X= 112.521 
               F= 0           S$=[71]
*** TEST PASSED ***
TESTCASE # 36  E= 0           R$=[2D]        X= 45.4151 
               F= 0           S$=[2D]
*** TEST PASSED ***
TESTCASE # 37  E= 0           R$=[65]        X= 101.129 
               F= 0           S$=[65]
*** TEST PASSED ***
TESTCASE # 38  E= 0           R$=[41]        X= 65.0473 
               F= 0           S$=[41]
*** TEST PASSED ***
TESTCASE # 39  E= 0           R$=[30]        X= 48.4012 
               F= 0           S$=[30]
*** TEST PASSED ***
TESTCASE # 40  E= 0           R$=[7A]        X= 122.294 
               F= 0           S$=[7A]
*** TEST PASSED ***
TESTCASE # 41  E= 0           R$=[FFFFFFC8]  X=-56.1094 
               F= 0           S$=[FFFFFFC8]
*** TEST PASSED ***
TESTCASE # 42  E= 0           R$=[FFFFFF87]  X=-121.087 
               F= 0           S$=[FFFFFF87]
*** TEST PASSED ***
TESTCASE # 43  E= 0           R$=[FFFFFF84]  X=-123.517 
               F= 0           S$=[FFFFFF84]
*** TEST PASSED ***
TESTCASE # 44  E= 0           R$=[FFFFFF9E]  X=-97.6301 
               F= 0           S$=[FFFFFF9E]
*** TEST PASSED ***
TESTCASE # 45  E= 0           R$=[FFFFFFC0]  X=-64.0001 
               F= 0           S$=[FFFFFFC0]
*** TEST PASSED ***
TESTCASE # 46  E= 0           R$=[FFFFFFE6]  X=-25.6888 
               F= 0           S$=[FFFFFFE6]
*** TEST PASSED ***
TESTCASE # 47  E= 0           R$=[F]         X= 14.8006 
               F= 0           S$=[F]
*** TEST PASSED ***
TESTCASE # 48  E= 0           R$=[FFFFFFC3]  X=-61.0877 
               F= 0           S$=[FFFFFFC3]
*** TEST PASSED ***
TESTCASE # 49  E= 0           R$=[FFFFFFBD]  X=-66.6381 
               F= 0           S$=[FFFFFFBD]
*** TEST PASSED ***
TESTCASE # 50  E= 0           R$=[FFFFEA9C]  X=-5476.5 
               F= 0           S$=[FFFFEA9C]
*** TEST PASSED ***
TESTCASE # 51  E= 0           R$=[FFFFAD26]  X=-21210.3 
               F= 0           S$=[FFFFAD26]
*** TEST PASSED ***
TESTCASE # 52  E= 0           R$=[FFFF8FAB]  X=-28757.2 
               F= 0           S$=[FFFF8FAB]
*** TEST PASSED ***
TESTCASE # 53  E= 0           R$=[FFFF8FC4]  X=-28732.2 
               F= 0           S$=[FFFF8FC4]
*** TEST PASSED ***
TESTCASE # 54  E= 0           R$=[31BA]      X= 12730.3 
               F= 0           S$=[31BA]
*** TEST PASSED ***
TESTCASE # 55  E= 0           R$=[FFFFF8D9]  X=-1830.69 
               F= 0           S$=[FFFFF8D9]
*** TEST PASSED ***
TESTCASE # 56  E= 0           R$=[156E]      X= 5486.39 
               F= 0           S$=[156E]
*** TEST PASSED ***
TESTCASE # 57  E= 0           R$=[5786]      X= 22405.9 
               F= 0           S$=[5786]
*** TEST PASSED ***
TESTCASE # 58  E= 0           R$=[785A]      X= 30809.8 
               F= 0           S$=[785A]
*** TEST PASSED ***
TESTCASE # 59  E= 0           R$=[FFFF8EFD]  X=-28930.6 
               F= 0           S$=[FFFF8EFD]
*** TEST PASSED ***
TESTCASE # 60  E= 0           R$=[FFFFE881]  X=-6014.53 
               F= 0           S$=[FFFFE881]
*** TEST PASSED ***
TESTCASE # 61  E= 0           R$=[4407]      X= 17414.6 
               F= 0           S$=[4407]
*** TEST PASSED ***
TESTCASE # 62  E= 0           R$=[FFFFD6D6]  X=-10538.3 
               F= 0           S$=[FFFFD6D6]
*** TEST PASSED ***
TESTCASE # 63  E= 0           R$=[FFFFBB80]  X=-17536.3 
               F= 0           S$=[FFFFBB80]
*** TEST PASSED ***
TESTCASE # 64  E= 0           R$=[FFFFDD67]  X=-8856.62 
               F= 0           S$=[FFFFDD67]
*** TEST PASSED ***
TESTCASE # 65  E= 0           R$=[FFFFEBEC]  X=-5140.12 
               F= 0           S$=[FFFFEBEC]
*** TEST PASSED ***
TESTCASE # 66  E= 0           R$=[FFFFDE6D]  X=-8595.31 
               F= 0           S$=[FFFFDE6D]
*** TEST PASSED ***
TESTCASE # 67  E= 0           R$=[FFFFF2C9]  X=-3382.87 
               F= 0           S$=[FFFFF2C9]
*** TEST PASSED ***
TESTCASE # 68  E= 0           R$=[FFFFEC76]  X=-5002.07 
               F= 0           S$=[FFFFEC76]
*** TEST PASSED ***
TESTCASE # 69  E= 0           R$=[FFFFE957]  X=-5800.72 
               F= 0           S$=[FFFFE957]
*** TEST PASSED ***
TESTCASE # 70  E= 0           R$=[73F6]      X= 29686.4 
               F= 0           S$=[73F6]
*** TEST PASSED ***
TESTCASE # 71  E= 0           R$=[A0B]       X= 2571 
               F= 0           S$=[A0B]
*** TEST PASSED ***
TESTCASE # 72  E= 0           R$=[7973]      X= 31091 
               F= 0           S$=[7973]
*** TEST PASSED ***
TESTCASE # 73  E= 0           R$=[39E3]      X= 14819 
               F= 0           S$=[39E3]
*** TEST PASSED ***
TESTCASE # 74  E= 0           R$=[ECF]       X= 3790.9 
               F= 0           S$=[ECF]
*** TEST PASSED ***
TESTCASE # 75  E= 1           R$=[]          X=-4.2981E+9 
               F= 1           S$=[]
*** TEST PASSED ***
TESTCASE # 76  E= 1           R$=[]          X=-7.05453E+8 
               F= 1           S$=[]
*** TEST PASSED ***
TESTCASE # 77  E= 1           R$=[]          X=-3.10179E+9 
               F= 1           S$=[]
*** TEST PASSED ***
TESTCASE # 78  E= 1           R$=[]          X=-4.86159E+9 
               F= 1           S$=[]
*** TEST PASSED ***
TESTCASE # 79  E= 1           R$=[]          X=-8.62908E+8 
               F= 1           S$=[]
*** TEST PASSED ***
TESTCASE # 80  E= 1           R$=[]          X=-3.4101E+9 
               F= 1           S$=[]
*** TEST PASSED ***
TESTCASE # 81  E= 1           R$=[]          X= 3.3889E+9 
               F= 1           S$=[]
*** TEST PASSED ***
TESTCASE # 82  E= 1           R$=[]          X= 2.49826E+9 
               F= 1           S$=[]
*** TEST PASSED ***
TESTCASE # 83  E= 1           R$=[]          X= 2.3491E+9 
               F= 1           S$=[]
*** TEST PASSED ***
TESTCASE # 84  E= 1           R$=[]          X= 1.94745E+8 
               F= 1           S$=[]
*** TEST PASSED ***
TESTCASE # 85  E= 1           R$=[]          X= 2.02475E+9 
               F= 1           S$=[]
*** TEST PASSED ***
TESTCASE # 86  E= 1           R$=[]          X=-2.26748E+9 
               F= 1           S$=[]
*** TEST PASSED ***
TESTCASE # 87  E= 1           R$=[]          X=-2.10587E+9 
               F= 1           S$=[]
*** TEST PASSED ***
TESTCASE # 88  E= 1           R$=[]          X= 4.23585E+9 
               F= 1           S$=[]
*** TEST PASSED ***
TESTCASE # 89  E= 1           R$=[]          X=-2.66524E+9 
               F= 1           S$=[]
*** TEST PASSED ***
TESTCASE # 90  E= 1           R$=[]          X= 4.01052E+9 
               F= 1           S$=[]
*** TEST PASSED ***
TESTCASE # 91  E= 1           R$=[]          X=-4.87912E+9 
               F= 1           S$=[]
*** TEST PASSED ***
TESTCASE # 92  E= 1           R$=[]          X= 1.77556E+9 
               F= 1           S$=[]
*** TEST PASSED ***
TESTCASE # 93  E= 1           R$=[]          X= 2.87705E+8 
               F= 1           S$=[]
*** TEST PASSED ***
TESTCASE # 94  E= 1           R$=[]          X= 1.99977E+8 
               F= 1           S$=[]
*** TEST PASSED ***
TESTCASE # 95  E= 1           R$=[]          X=-3.39941E+9 
               F= 1           S$=[]
*** TEST PASSED ***
TESTCASE # 96  E= 1           R$=[]          X=-3.49119E+9 
               F= 1           S$=[]
*** TEST PASSED ***
TESTCASE # 97  E= 1           R$=[]          X=-2.86324E+9 
               F= 1           S$=[]
*** TEST PASSED ***
TESTCASE # 98  E= 1           R$=[]          X= 4.20418E+9 
               F= 1           S$=[]
*** TEST PASSED ***
TESTCASE # 99  E= 1           R$=[]          X=-3.1518E+9 
               F= 1           S$=[]
*** TEST PASSED ***
TESTCASE # 100                E= 1           R$=[]          X= 4.60615E+9 
               F= 1           S$=[]
*** TEST PASSED ***
*** ALL TESTS PASSED ***
