TESTCASE # 1   E= 0           R= 0           X= 0 
               F= 0           N= 0 
*** TEST PASSED ***
TESTCASE # 2   E= 0           R= 1.1752      X= 1 
               F= 0           N= 1.1752 
*** TEST PASSED ***
TESTCASE # 3   E= 0           R=-1.1752      X=-1 
               F= 0           N=-1.1752 
*** TEST PASSED ***
TESTCASE # 4   E= 0           R= .410752     X= .4 
               F= 0           N= .410752 
*** TEST PASSED ***
TESTCASE # 5   E= 0           R=-.410752     X=-.4 
               F= 0           N=-.410752 
*** TEST PASSED ***
TESTCASE # 6   E= 0           R= .636654     X= .6 
               F= 0           N= .636654 
*** TEST PASSED ***
TESTCASE # 7   E= 0           R=-.636654     X=-.6 
               F= 0           N=-.636654 
*** TEST PASSED ***
TESTCASE # 8   E= 0           R= 1.02275E+110               X= 254 
               F= 0           N= 1.02275E+110 
*** TEST PASSED ***
TESTCASE # 9   E= 0           R= 2.78012E+110               X= 255 
               F= 0           N= 2.78012E+110 
*** TEST PASSED ***
TESTCASE # 10  E= 0           R= 7.55714E+110               X= 256 
               F= 0           N= 7.55714E+110 
*** TEST PASSED ***
TESTCASE # 11  E= 1           R= 1.79769E+308               X= 32000 
               F= 1           N= 1.79769E+308 
*** TEST PASSED ***
TESTCASE # 12  E= 0           R=-.229189     X=-.227229 
               F= 0           N=-.229189 
*** TEST PASSED ***
TESTCASE # 13  E= 0           R=-.241443     X=-.239157 
               F= 0           N=-.241443 
*** TEST PASSED ***
TESTCASE # 14  E= 0           R=-.215214     X=-.213586 
               F= 0           N=-.215214 
*** TEST PASSED ***
TESTCASE # 15  E= 0           R= .278142     X= .274675 
               F= 0           N= .278142 
*** TEST PASSED ***
TESTCASE # 16  E= 0           R= .170583     X= .169766 
               F= 0           N= .170583 
*** TEST PASSED ***
TESTCASE # 17  E= 0           R= .324192     X= .318766 
               F= 0           N= .324192 
*** TEST PASSED ***
TESTCASE # 18  E= 0           R= 2.06673E-2  X= 2.06658E-2 
               F= 0           N= 2.06673E-2 
*** TEST PASSED ***
TESTCASE # 19  E= 0           R= .189371     X= .188257 
               F= 0           N= .189371 
*** TEST PASSED ***
TESTCASE # 20  E= 0           R=-.281114     X=-.277537 
               F= 0           N=-.281114 
*** TEST PASSED ***
TESTCASE # 21  E= 0           R=-.500102     X=-.481303 
               F= 0           N=-.500102 
*** TEST PASSED ***
TESTCASE # 22  E= 0           R= .449463     X= .43556 
               F= 0           N= .449463 
*** TEST PASSED ***
TESTCASE # 23  E= 0           R=-.212539     X=-.210971 
               F= 0           N=-.212539 
*** TEST PASSED ***
TESTCASE # 24  E= 0           R=-.471101     X=-.455216 
               F= 0           N=-.471101 
*** TEST PASSED ***
TESTCASE # 25  E= 0           R=-7.33277E+47                X=-110.907 
               F= 0           N=-7.33277E+47 
*** TEST PASSED ***
TESTCASE # 26  E= 0           R= 3.75288E+45                X= 105.632 
               F= 0           N= 3.75288E+45 
*** TEST PASSED ***
TESTCASE # 27  E= 0           R=-2.27319E+49                X=-114.341 
               F= 0           N=-2.27319E+49 
*** TEST PASSED ***
TESTCASE # 28  E= 0           R= 2.20638E+47                X= 109.706 
               F= 0           N= 2.20638E+47 
*** TEST PASSED ***
TESTCASE # 29  E= 0           R= 1.32757E+47                X= 109.198 
               F= 0           N= 1.32757E+47 
*** TEST PASSED ***
TESTCASE # 30  E= 0           R= 9.8857E+36  X= 85.8773 
               F= 0           N= 9.8857E+36 
*** TEST PASSED ***
TESTCASE # 31  E= 0           R=-1.10189E+25                X=-58.3548 
               F= 0           N=-1.10189E+25 
*** TEST PASSED ***
TESTCASE # 32  E= 0           R= 3.72673E+12                X= 29.6397 
               F= 0           N= 3.72673E+12 
*** TEST PASSED ***
TESTCASE # 33  E= 0           R=-5.74275E+46                X=-108.36 
               F= 0           N=-5.74275E+46 
*** TEST PASSED ***
TESTCASE # 34  E= 0           R=-7.98557E+19                X=-46.5199 
               F= 0           N=-7.98557E+19 
*** TEST PASSED ***
TESTCASE # 35  E= 0           R= 3.68315E+48                X= 112.521 
               F= 0           N= 3.68315E+48 
*** TEST PASSED ***
TESTCASE # 36  E= 0           R= 2.64544E+19                X= 45.4151 
               F= 0           N= 2.64544E+19 
*** TEST PASSED ***
TESTCASE # 37  E= 0           R= 4.15658E+43                X= 101.129 
               F= 0           N= 4.15658E+43 
*** TEST PASSED ***
TESTCASE # 38  E= 0           R= 8.88492E+27                X= 65.0473 
               F= 0           N= 8.88492E+27 
*** TEST PASSED ***
TESTCASE # 39  E= 0           R= 5.24015E+20                X= 48.4012 
               F= 0           N= 5.24015E+20 
*** TEST PASSED ***
TESTCASE # 40  E= 0           R= 6.46516E+52                X= 122.294 
               F= 0           N= 6.46516E+52 
*** TEST PASSED ***
TESTCASE # 41  E= 0           R=-1.16674E+24                X=-56.1094 
               F= 0           N=-1.16674E+24 
*** TEST PASSED ***
TESTCASE # 42  E= 0           R=-1.93369E+52                X=-121.087 
               F= 0           N=-1.93369E+52 
*** TEST PASSED ***
TESTCASE # 43  E= 0           R=-2.19645E+53                X=-123.517 
               F= 0           N=-2.19645E+53 
*** TEST PASSED ***
TESTCASE # 44  E= 0           R=-1.25656E+42                X=-97.6301 
               F= 0           N=-1.25656E+42 
*** TEST PASSED ***
TESTCASE # 45  E= 0           R=-3.11789E+27                X=-64.0001 
               F= 0           N=-3.11789E+27 
*** TEST PASSED ***
TESTCASE # 46  E= 0           R=-7.16926E+10                X=-25.6888 
               F= 0           N=-7.16926E+10 
*** TEST PASSED ***
TESTCASE # 47  E= 0           R= 1.33903E+6  X= 14.8006 
               F= 0           N= 1.33903E+6 
*** TEST PASSED ***
TESTCASE # 48  E= 0           R=-1.69442E+26                X=-61.0877 
               F= 0           N=-1.69442E+26 
*** TEST PASSED ***
TESTCASE # 49  E= 0           R=-4.36043E+28                X=-66.6381 
               F= 0           N=-4.36043E+28 
*** TEST PASSED ***
TESTCASE # 50  E= 1           R=-1.79769E+308               X=-5476.5 
               F= 1           N=-1.79769E+308 
*** TEST PASSED ***
TESTCASE # 51  E= 1           R=-1.79769E+308               X=-21210.3 
               F= 1           N=-1.79769E+308 
*** TEST PASSED ***
TESTCASE # 52  E= 1           R=-1.79769E+308               X=-28757.2 
               F= 1           N=-1.79769E+308 
*** TEST PASSED ***
TESTCASE # 53  E= 1           R=-1.79769E+308               X=-28732.2 
               F= 1           N=-1.79769E+308 
*** TEST PASSED ***
TESTCASE # 54  E= 1           R= 1.79769E+308               X= 12730.3 
               F= 1           N= 1.79769E+308 
*** TEST PASSED ***
TESTCASE # 55  E= 1           R=-1.79769E+308               X=-1830.69 
               F= 1           N=-1.79769E+308 
*** TEST PASSED ***
TESTCASE # 56  E= 1           R= 1.79769E+308               X= 5486.39 
               F= 1           N= 1.79769E+308 
*** TEST PASSED ***
TESTCASE # 57  E= 1           R= 1.79769E+308               X= 22405.9 
               F= 1           N= 1.79769E+308 
*** TEST PASSED ***
TESTCASE # 58  E= 1           R= 1.79769E+308               X= 30809.8 
               F= 1           N= 1.79769E+308 
*** TEST PASSED ***
TESTCASE # 59  E= 1           R=-1.79769E+308               X=-28930.6 
               F= 1           N=-1.79769E+308 
*** TEST PASSED ***
TESTCASE # 60  E= 1           R=-1.79769E+308               X=-6014.53 
               F= 1           N=-1.79769E+308 
*** TEST PASSED ***
TESTCASE # 61  E= 1           R= 1.79769E+308               X= 17414.6 
               F= 1           N= 1.79769E+308 
*** TEST PASSED ***
TESTCASE # 62  E= 1           R=-1.79769E+308               X=-10538.3 
               F= 1           N=-1.79769E+308 
*** TEST PASSED ***
TESTCASE # 63  E= 1           R=-1.79769E+308               X=-17536.3 
               F= 1           N=-1.79769E+308 
*** TEST PASSED ***
TESTCASE # 64  E= 1           R=-1.79769E+308               X=-8856.62 
               F= 1           N=-1.79769E+308 
*** TEST PASSED ***
TESTCASE # 65  E= 1           R=-1.79769E+308               X=-5140.12 
               F= 1           N=-1.79769E+308 
*** TEST PASSED ***
TESTCASE # 66  E= 1           R=-1.79769E+308               X=-8595.31 
               F= 1           N=-1.79769E+308 
*** TEST PASSED ***
TESTCASE # 67  E= 1           R=-1.79769E+308               X=-3382.87 
               F= 1           N=-1.79769E+308 
*** TEST PASSED ***
TESTCASE # 68  E= 1           R=-1.79769E+308               X=-5002.07 
               F= 1           N=-1.79769E+308 
*** TEST PASSED ***
TESTCASE # 69  E= 1           R=-1.79769E+308               X=-5800.72 
               F= 1           N=-1.79769E+308 
*** TEST PASSED ***
TESTCASE # 70  E= 1           R= 1.79769E+308               X= 29686.4 
               F= 1           N= 1.79769E+308 
*** TEST PASSED ***
TESTCASE # 71  E= 1           R= 1.79769E+308               X= 2571 
               F= 1           N= 1.79769E+308 
*** TEST PASSED ***
TESTCASE # 72  E= 1           R= 1.79769E+308               X= 31091 
               F= 1           N= 1.79769E+308 
*** TEST PASSED ***
TESTCASE # 73  E= 1           R= 1.79769E+308               X= 14819 
               F= 1           N= 1.79769E+308 
*** TEST PASSED ***
TESTCASE # 74  E= 1           R= 1.79769E+308               X= 3790.9 
               F= 1           N= 1.79769E+308 
*** TEST PASSED ***
TESTCASE # 75  E= 1           R=-1.79769E+308               X=-4.2981E+9 
               F= 1           N=-1.79769E+308 
*** TEST PASSED ***
TESTCASE # 76  E= 1           R=-1.79769E+308               X=-7.05453E+8 
               F= 1           N=-1.79769E+308 
*** TEST PASSED ***
TESTCASE # 77  E= 1           R=-1.79769E+308               X=-3.10179E+9 
               F= 1           N=-1.79769E+308 
*** TEST PASSED ***
TESTCASE # 78  E= 1           R=-1.79769E+308               X=-4.86159E+9 
               F= 1           N=-1.79769E+308 
*** TEST PASSED ***
TESTCASE # 79  E= 1           R=-1.79769E+308               X=-8.62908E+8 
               F= 1           N=-1.79769E+308 
*** TEST PASSED ***
TESTCASE # 80  E= 1           R=-1.79769E+308               X=-3.4101E+9 
               F= 1           N=-1.79769E+308 
*** TEST PASSED ***
TESTCASE # 81  E= 1           R= 1.79769E+308               X= 3.3889E+9 
               F= 1           N= 1.79769E+308 
*** TEST PASSED ***
TESTCASE # 82  E= 1           R= 1.79769E+308               X= 2.49826E+9 
               F= 1           N= 1.79769E+308 
*** TEST PASSED ***
TESTCASE # 83  E= 1           R= 1.79769E+308               X= 2.3491E+9 
               F= 1           N= 1.79769E+308 
*** TEST PASSED ***
TESTCASE # 84  E= 1           R= 1.79769E+308               X= 1.94745E+8 
               F= 1           N= 1.79769E+308 
*** TEST PASSED ***
TESTCASE # 85  E= 1           R= 1.79769E+308               X= 2.02475E+9 
               F= 1           N= 1.79769E+308 
*** TEST PASSED ***
TESTCASE # 86  E= 1           R=-1.79769E+308               X=-2.26748E+9 
               F= 1           N=-1.79769E+308 
*** TEST PASSED ***
TESTCASE # 87  E= 1           R=-1.79769E+308               X=-2.10587E+9 
               F= 1           N=-1.79769E+308 
*** TEST PASSED ***
TESTCASE # 88  E= 1           R= 1.79769E+308               X= 4.23585E+9 
               F= 1           N= 1.79769E+308 
*** TEST PASSED ***
TESTCASE # 89  E= 1           R=-1.79769E+308               X=-2.66524E+9 
               F= 1           N=-1.79769E+308 
*** TEST PASSED ***
TESTCASE # 90  E= 1           R= 1.79769E+308               X= 4.01052E+9 
               F= 1           N= 1.79769E+308 
*** TEST PASSED ***
TESTCASE # 91  E= 1           R=-1.79769E+308               X=-4.87912E+9 
               F= 1           N=-1.79769E+308 
*** TEST PASSED ***
TESTCASE # 92  E= 1           R= 1.79769E+308               X= 1.77556E+9 
               F= 1           N= 1.79769E+308 
*** TEST PASSED ***
TESTCASE # 93  E= 1           R= 1.79769E+308               X= 2.87705E+8 
               F= 1           N= 1.79769E+308 
*** TEST PASSED ***
TESTCASE # 94  E= 1           R= 1.79769E+308               X= 1.99977E+8 
               F= 1           N= 1.79769E+308 
*** TEST PASSED ***
TESTCASE # 95  E= 1           R=-1.79769E+308               X=-3.39941E+9 
               F= 1           N=-1.79769E+308 
*** TEST PASSED ***
TESTCASE # 96  E= 1           R=-1.79769E+308               X=-3.49119E+9 
               F= 1           N=-1.79769E+308 
*** TEST PASSED ***
TESTCASE # 97  E= 1           R=-1.79769E+308               X=-2.86324E+9 
               F= 1           N=-1.79769E+308 
*** TEST PASSED ***
TESTCASE # 98  E= 1           R= 1.79769E+308               X= 4.20418E+9 
               F= 1           N= 1.79769E+308 
*** TEST PASSED ***
TESTCASE # 99  E= 1           R=-1.79769E+308               X=-3.1518E+9 
               F= 1           N=-1.79769E+308 
*** TEST PASSED ***
TESTCASE # 100                E= 1           R= 1.79769E+308               X=
 4.60615E+9 
               F= 1           N= 1.79769E+308 
*** TEST PASSED ***
*** ALL TESTS PASSED ***
