PROGRAM FILE 83: ERROR - ARRAY-REFERENCE PRECEDES
        DIM-STATEMENT.
    ANSI STANDARD 15.4

SECTION 83.1: ERROR - ARRAY-REFERENCE PRECEDES
        DIM-STATEMENT.

THIS IS A TEST FOR A NON-STANDARD FEATURE OF MINIMAL BASIC.
TO PASS THIS TEST, THE PROCESSOR MUST EITHER:

   1) ACCEPT THE PROGRAM AND BE ACCOMPANIED BY DOCUMENTATION
      ACCURATELY DESCRIBING THE FEATURE'S INTERPRETATION
      BY THE PROCESSOR, OR

   2) REJECT THE PROGRAM WITH AN APPROPRIATE ERROR MESSAGE

SEE THE NBS MINIMAL BASIC TEST PROGRAMS USER'S MANUAL
FOR DETAILED CRITERIA.

               BEGIN TEST

ABOUT TO EXECUTE 'LET A(6) = 777'
'DIM A(5)' FOLLOWS THIS STATEMENT.

A(6) =  777 

               END TEST

END PROGRAM 83

Program interrupted at line 480
