              CHECK1

THIS PROGRAM PERMITS THE USER TO INPUT THE NECESSARY DATA
IN ORDER TO PRINT CHECK AND STUB ON NEBS CHECKS ,PRODUCT 9020
AVAILABLE FROM NEW ENGLAND BUSINESS SERVICE(1-800-225-6380)
IN MASS. (1-800-252-9226)
 AS MANY AS 50 CHECKS MAY BE PRINTED IN A RUN. A REGISTER MAY
BE GENERATED OF ALL CHECKS IN THE RUN
PRESS ENTER TO BEGIN? 
         MENU

0. QUIT
1. INPUT DATA AND PRINT CHECKS
2. PRINT CHECK REGISTER
3. INPUT TODAY'S DATE INTO SYSTEM

ENTER CHOICE ? 3
ENTER TODAY'S DATE  IN FORM MM/DD/YY? 12/34/56

SYSTEM DATE IS 12/34/56

PRESS ENTER TO CONTINUE? 
         MENU

0. QUIT
1. INPUT DATA AND PRINT CHECKS
2. PRINT CHECK REGISTER
3. INPUT TODAY'S DATE INTO SYSTEM

ENTER CHOICE ? 1
CHECK DATE(0 TO END)? 01/02/03
INPUT CHECK #      ? 50013
INPUT AMT OF CHECK ? 1234.56
ENTER PAYABLE TO  ? TOM CAT
ENTER COMMENTS(LINE 1)? JERRY MOUSE
ENTER COMMENTS(LINE 2)? CARTOON
CHECK DATE: 01/02/03
CHECK #     50013
CHECK AMOUNT 1234.56 
PAYABLE TO  TOM CAT
COMMENT 1 JERRY MOUSE
COMMENT 2 CARTOON

ENTER Y IF OK,N IF ERROR? Y
ENTER Y TO PRINT CHECK,N TO SKIP PRINT? Y
CHECK DATE(0 TO END)? 0
         MENU

0. QUIT
1. INPUT DATA AND PRINT CHECKS
2. PRINT CHECK REGISTER
3. INPUT TODAY'S DATE INTO SYSTEM

ENTER CHOICE ? 2
INPUT P FOR LINE PRINTER OUTPUT,S FOR SCREEN ONLY? P

PRESS ENTER WHEN PRINTER READY? 
CHECK  #      DATE          PAYABLE    TO        AMOUNT
50013  01/02/03     TOM CAT     1234.56

TOTAL CHECKS =  1    TOTAL CHECK AMOUNTS =   $1234.56

PRESS ENTER TO CONTINUE? 0
         MENU

0. QUIT
1. INPUT DATA AND PRINT CHECKS
2. PRINT CHECK REGISTER
3. INPUT TODAY'S DATE INTO SYSTEM

ENTER CHOICE ? 
