      DEPRECIATION SCHEDULE-DECLINING BALANCE
THIS PROGRAM PRINTS A SCHEDULE FOR DEPRECIATING AN ASSET
BY THE DECLINING BALANCE METHOD
INPUTS ARE ITEM COST,ESTIMATED SALVAGE VALUE & LIFE IN YEARS.
OUTPUT IS A YEAR BY YEAR SCHEDULE OF CURRENT DEPRECIATION,
ACCUMULATED DEPRECIATION AND BOOK VALUE.
 PRESS ENTER TO BEGIN? 
DO YOU WANT OUTPUT ON LINEPRINTER(Y/N)? Y
ENTER  COST              ? 56789
ENTER SALVAGE VALUE      ? 12345
ENTER LIFE IN YEARS      ? 10
RATE OF DEPRECIATION(%)  ? 12.5
PRESS ENTER WHEN PRINTER READY? 

YEAR    CURR.DEP.     ACCUM.DEP.       BOOK VAL. !
  0                                     56789.00
  1      7098.62         7098.62        49690.38
  2      6211.30        13309.92        43479.08
  3      5434.88        18744.81        38044.19
  4      4755.52        23500.33        33288.67
  5      4161.08        27661.41        29127.59
  6      3640.95        31302.36        25486.64
  7      3185.83        34488.19        22300.81
  8      2787.60        37275.79        19513.21
  9      2439.15        39714.94        17074.06
 10      4729.06        44444.00        12345.00
