Michael G. Walraven, Ph.D.
9955 Reynolds Road
Horton, MI  49246



Ms. Sandy Schmidt, Editor
Wm. C. Brown Company Publishers
5712 Odana Road
Madison, WI 53719


Michael G. Walraven, Ph.D.
9955 Reynolds Road
Horton, MI  49246



Ms. Sandy Schmidt, Editor
Wm. C. Brown Company Publishers
5712 Odana Road
Madison, WI 53719


Michael G. Walraven, Ph.D.
9955 Reynolds Road
Horton, MI  49246



Ms. Sandy Schmidt, Editor
Wm. C. Brown Company Publishers
5712 Odana Road
Madison, WI 53719


Michael G. Walraven, Ph.D.
9955 Reynolds Road
Horton, MI  49246



Ms. Sandy Schmidt, Editor
Wm. C. Brown Company Publishers
5712 Odana Road
Madison, WI 53719


Michael G. Walraven, Ph.D.
9955 Reynolds Road
Horton, MI  49246



Ms. Sandy Schmidt, Editor
Wm. C. Brown Company Publishers
5712 Odana Road
Madison, WI 53719


Michael G. Walraven, Ph.D.
9955 Reynolds Road
Horton, MI  49246



Ms. Sandy Schmidt, Editor
Wm. C. Brown Company Publishers
5712 Odana Road
Madison, WI 53719


Michael G. Walraven, Ph.D.
9955 Reynolds Road
Horton, MI  49246



Ms. Sandy Schmidt, Editor
Wm. C. Brown Company Publishers
5712 Odana Road
Madison, WI 53719


Michael G. Walraven, Ph.D.
9955 Reynolds Road
Horton, MI  49246



Ms. Sandy Schmidt, Editor
Wm. C. Brown Company Publishers
5712 Odana Road
Madison, WI 53719


Michael G. Walraven, Ph.D.
9955 Reynolds Road
Horton, MI  49246



Ms. Sandy Schmidt, Editor
Wm. C. Brown Company Publishers
5712 Odana Road
Madison, WI 53719


Michael G. Walraven, Ph.D.
9955 Reynolds Road
Horton, MI  49246



Ms. Sandy Schmidt, Editor
Wm. C. Brown Company Publishers
5712 Odana Road
Madison, WI 53719


Michael G. Walraven, Ph.D.
9955 Reynolds Road
Horton, MI  49246



Ms. Sandy Schmidt, Editor
Wm. C. Brown Company Publishers
5712 Odana Road
Madison, WI 53719


Michael G. Walraven, Ph.D.
9955 Reynolds Road
Horton, MI  49246



Ms. Sandy Schmidt, Editor
Wm. C. Brown Company Publishers
5712 Odana Road
Madison, WI 53719


Michael G. Walraven, Ph.D.
9955 Reynolds Road
Horton, MI  49246



Ms. Sandy Schmidt, Editor
Wm. C. Brown Company Publishers
5712 Odana Road
Madison, WI 53719


Michael G. Walraven, Ph.D.
9955 Reynolds Road
Horton, MI  49246



Ms. Sandy Schmidt, Editor
Wm. C. Brown Company Publishers
5712 Odana Road
Madison, WI 53719


Michael G. Walraven, Ph.D.
9955 Reynolds Road
Horton, MI  49246



Ms. Sandy Schmidt, Editor
Wm. C. Brown Company Publishers
5712 Odana Road
Madison, WI 53719


